[2019-11-20 9:53:52] [INFO] getresults :: results
[2019-11-20 9:53:52] [INFO] getSyllabuss :: Syllabuss
[2019-11-20 9:53:52] [INFO] getExaminations :: Examinations
[2019-11-20 9:53:52] [INFO] getStates :: States
[2019-11-20 9:53:52] [INFO] getUniversitys :: Universitys
[2019-11-20 9:53:52] [INFO] getExaminations :: Examinations
[2019-11-20 9:53:52] [INFO] getStates :: States
[2019-11-20 9:58:47] [INFO] getNoticeboards :: Noticeboards
[2019-11-20 9:58:47] [INFO] getNoticeboards :: Noticeboards
[2019-11-20 9:58:47] [INFO] getNoticeboards :: Noticeboards
[2019-11-20 9:58:47] [INFO] getNoticeboards :: Noticeboards
[2019-11-20 9:58:47] [INFO] getNoticeboards :: Noticeboards
[2019-11-20 9:58:47] [INFO] getNoticeboards :: Noticeboards
[2019-11-20 9:58:47] [INFO] getNoticeboards :: Noticeboards
[2019-11-20 9:58:47] [INFO] getNoticeboards :: Noticeboards
[2019-11-20 9:58:47] [INFO] getresults :: results
[2019-11-20 9:58:47] [INFO] getSyllabuss :: Syllabuss
[2019-11-20 9:58:47] [INFO] getNoticeboards :: Noticeboards
[2019-11-20 9:58:47] [INFO] getresults :: results
[2019-11-20 9:58:47] [INFO] getSyllabuss :: Syllabuss
[2019-11-20 9:58:47] [INFO] getExaminations :: Examinations
[2019-11-20 9:58:47] [INFO] getStates :: States
[2019-11-20 9:58:47] [INFO] getNoticeboards :: Noticeboards
[2019-11-20 9:58:47] [INFO] getNoticeboards :: Noticeboards
[2019-11-20 9:58:47] [INFO] getresults :: results
[2019-11-20 9:58:47] [INFO] getSyllabuss :: Syllabuss
[2019-11-20 9:58:47] [INFO] getNoticeboards :: Noticeboards
[2019-11-20 9:58:47] [INFO] getSyllabuss :: Syllabuss
[2019-11-20 9:58:47] [INFO] getNoticeboards :: Noticeboards
[2019-11-20 9:58:47] [INFO] getNoticeboards :: Noticeboards
[2019-11-20 9:58:47] [INFO] getSyllabuss :: Syllabuss
[2019-11-20 9:58:47] [INFO] getExaminations :: Examinations
[2019-11-20 9:58:47] [INFO] getStates :: States
[2019-11-20 9:58:47] [INFO] getNoticeboards :: Noticeboards
[2019-11-20 9:58:47] [INFO] getNoticeboards :: Noticeboards
[2019-11-20 9:58:47] [INFO] getNoticeboards :: Noticeboards
[2019-11-20 9:58:47] [INFO] getNoticeboards :: Noticeboards
[2019-11-20 9:58:47] [INFO] getNoticeboards :: Noticeboards
[2019-11-20 9:58:47] [INFO] getNoticeboards :: Noticeboards
[2019-11-20 9:58:47] [INFO] getresults :: results
[2019-11-20 9:58:47] [INFO] getNoticeboards :: Noticeboards
[2019-11-20 9:58:47] [INFO] getresults :: results
[2019-11-20 9:58:47] [INFO] getNoticeboards :: Noticeboards
[2019-11-20 9:58:47] [INFO] getNoticeboards :: Noticeboards
[2019-11-20 9:58:47] [INFO] getNoticeboards :: Noticeboards
[2019-11-20 9:58:47] [INFO] getNoticeboards :: Noticeboards
[2019-11-20 9:58:47] [INFO] getNoticeboards :: Noticeboards
[2019-11-20 9:58:47] [INFO] getresults :: results
[2019-11-20 9:58:47] [INFO] getresults :: results
[2019-11-20 9:58:47] [INFO] getresults :: results
[2019-11-20 9:58:47] [INFO] getSyllabuss :: Syllabuss
[2019-11-20 9:58:47] [INFO] getExaminations :: Examinations
[2019-11-20 9:58:47] [INFO] getStates :: States
[2019-11-20 9:58:47] [INFO] getNoticeboards :: Noticeboards
[2019-11-20 9:58:47] [INFO] getNoticeboards :: Noticeboards
[2019-11-20 9:58:47] [INFO] getresults :: results
[2019-11-20 9:58:47] [INFO] getSyllabuss :: Syllabuss
[2019-11-20 9:58:47] [INFO] getExaminations :: Examinations
[2019-11-20 9:58:47] [INFO] getStates :: States
[2019-11-20 9:58:47] [INFO] getNoticeboards :: Noticeboards
[2019-11-20 9:58:47] [INFO] getNoticeboards :: Noticeboards
[2019-11-20 9:58:47] [INFO] getNoticeboards :: Noticeboards
[2019-11-20 9:58:47] [INFO] getNoticeboards :: Noticeboards
[2019-11-20 9:58:47] [INFO] getNoticeboards :: Noticeboards
[2019-11-20 9:58:47] [INFO] getNoticeboards :: Noticeboards
[2019-11-20 9:58:47] [INFO] getNoticeboards :: Noticeboards
[2019-11-20 9:58:47] [INFO] getNoticeboards :: Noticeboards
[2019-11-20 9:58:47] [INFO] getNoticeboards :: Noticeboards
[2019-11-20 9:58:47] [INFO] getNoticeboards :: Noticeboards
[2019-11-20 9:58:47] [INFO] getNoticeboards :: Noticeboards
[2019-11-20 9:58:47] [INFO] getresults :: results
[2019-11-20 9:58:47] [INFO] getSyllabuss :: Syllabuss
[2019-11-20 9:58:47] [INFO] getStates :: States
[2019-11-20 9:58:47] [INFO] getUniversitys :: Universitys
[2019-11-20 9:58:47] [INFO] getUniversitys :: Universitys
[2019-11-20 9:58:47] [INFO] getUniversitys :: Universitys
[2019-11-20 9:58:47] [INFO] getUniversitys :: Universitys
[2019-11-20 9:58:47] [INFO] getresults :: results
[2019-11-20 9:58:47] [INFO] getresults :: results
[2019-11-20 9:58:47] [INFO] getNoticeboards :: Noticeboards
[2019-11-20 9:58:47] [INFO] getNoticeboards :: Noticeboards
[2019-11-20 9:58:47] [INFO] getNoticeboards :: Noticeboards
[2019-11-20 9:58:47] [INFO] getNoticeboards :: Noticeboards
[2019-11-20 9:58:47] [INFO] getNoticeboards :: Noticeboards
[2019-11-20 9:58:47] [INFO] getNoticeboards :: Noticeboards
[2019-11-20 9:58:47] [INFO] getNoticeboards :: Noticeboards
[2019-11-20 9:58:47] [INFO] getNoticeboards :: Noticeboards
[2019-11-20 9:58:47] [INFO] getNoticeboards :: Noticeboards
[2019-11-20 9:58:47] [INFO] getNoticeboards :: Noticeboards
[2019-11-20 9:58:47] [INFO] getNoticeboards :: Noticeboards
[2019-11-20 9:58:47] [INFO] getNoticeboards :: Noticeboards
[2019-11-20 9:58:47] [INFO] getNoticeboards :: Noticeboards
[2019-11-20 9:58:47] [INFO] getNoticeboards :: Noticeboards
[2019-11-20 13:42:16] [INFO] getNoticeboards :: Noticeboards
[2019-11-20 13:42:16] [INFO] getNoticeboards :: Noticeboards
[2019-11-20 13:42:16] [INFO] getNoticeboards :: Noticeboards
[2019-11-20 13:42:16] [INFO] getNoticeboards :: Noticeboards
[2019-11-20 13:42:16] [INFO] getNoticeboards :: Noticeboards
[2019-11-20 13:42:16] [INFO] getNoticeboards :: Noticeboards
[2019-11-20 13:42:16] [INFO] getNoticeboards :: Noticeboards
[2019-11-20 13:42:16] [INFO] getNoticeboards :: Noticeboards
[2019-11-20 13:42:16] [INFO] getNoticeboards :: Noticeboards
[2019-11-20 13:42:16] [INFO] getNoticeboards :: Noticeboards
[2019-11-20 13:42:16] [INFO] getNoticeboards :: Noticeboards
[2019-11-20 13:42:16] [INFO] getNoticeboards :: Noticeboards
[2019-11-20 13:42:16] [INFO] getNoticeboards :: Noticeboards
[2019-11-20 13:42:16] [INFO] getNoticeboards :: Noticeboards
[2019-11-20 13:42:16] [INFO] getNoticeboards :: Noticeboards
[2019-11-20 13:42:16] [INFO] getNoticeboards :: Noticeboards
[2019-11-20 13:42:16] [INFO] getNoticeboards :: Noticeboards
[2019-11-20 13:42:16] [INFO] getNoticeboards :: Noticeboards
[2019-11-20 13:42:16] [INFO] getNoticeboards :: Noticeboards
[2019-11-20 13:42:16] [INFO] getNoticeboards :: Noticeboards
[2019-11-20 13:42:16] [INFO] getNoticeboards :: Noticeboards
[2019-11-20 13:42:16] [INFO] getNoticeboards :: Noticeboards
[2019-11-20 13:42:16] [INFO] getNoticeboards :: Noticeboards
[2019-11-20 13:42:16] [INFO] getNoticeboards :: Noticeboards
[2019-11-20 13:42:16] [INFO] getNoticeboards :: Noticeboards
[2019-11-20 13:42:16] [INFO] getNoticeboards :: Noticeboards
[2019-11-20 13:42:16] [INFO] getNoticeboards :: Noticeboards
[2019-11-20 13:42:16] [INFO] getNoticeboards :: Noticeboards
[2019-11-20 13:42:16] [INFO] getNoticeboards :: Noticeboards
[2019-11-20 13:42:16] [INFO] getNoticeboards :: Noticeboards
[2019-11-20 13:42:16] [INFO] getNoticeboards :: Noticeboards
[2019-11-20 13:42:16] [INFO] getNoticeboards :: Noticeboards
[2019-11-20 13:42:16] [INFO] getNoticeboards :: Noticeboards
[2019-11-20 13:42:16] [INFO] getNoticeboards :: Noticeboards
[2019-11-20 13:42:16] [INFO] getNoticeboards :: Noticeboards
[2019-11-20 13:42:16] [INFO] getNoticeboards :: Noticeboards
[2019-11-20 13:42:16] [INFO] getNoticeboards :: Noticeboards
[2019-11-20 13:42:16] [INFO] getNoticeboards :: Noticeboards
[2019-11-20 13:42:16] [INFO] getNoticeboards :: Noticeboards
[2019-11-20 13:42:16] [INFO] getNoticeboards :: Noticeboards
[2019-11-20 13:42:16] [INFO] getNoticeboards :: Noticeboards
[2019-11-20 13:42:16] [INFO] getNoticeboards :: Noticeboards
[2019-11-20 13:42:16] [INFO] getNoticeboards :: Noticeboards
[2019-11-20 13:42:16] [INFO] getNoticeboards :: Noticeboards
[2019-11-20 13:42:16] [INFO] getNoticeboards :: Noticeboards
[2019-11-20 13:42:16] [INFO] getNoticeboards :: Noticeboards
[2019-11-20 13:42:16] [INFO] getNoticeboards :: Noticeboards
[2019-11-20 13:42:16] [INFO] getNoticeboards :: Noticeboards
[2019-11-20 13:42:16] [INFO] getNoticeboards :: Noticeboards
[2019-11-20 13:42:16] [INFO] getNoticeboards :: Noticeboards
[2019-11-20 13:42:16] [INFO] getNoticeboards :: Noticeboards
[2019-11-20 13:42:16] [INFO] getresults :: results
[2019-11-20 13:42:16] [INFO] getNoticeboards :: Noticeboards
[2019-11-20 13:42:16] [INFO] getNoticeboards :: Noticeboards
[2019-11-20 13:42:16] [INFO] getNoticeboards :: Noticeboards
[2019-11-20 13:42:16] [INFO] getNoticeboards :: Noticeboards
[2019-11-20 13:42:16] [INFO] getNoticeboards :: Noticeboards
[2019-11-20 13:42:16] [INFO] getresults :: results
[2019-11-20 13:42:16] [INFO] getNoticeboards :: Noticeboards
[2019-11-20 13:42:16] [INFO] getStates :: States
[2019-11-20 13:42:16] [INFO] getExaminations :: Examinations
[2019-11-20 13:42:16] [INFO] getSyllabuss :: Syllabuss
[2019-11-20 13:42:16] [INFO] getresults :: results
[2019-11-20 13:42:16] [INFO] getNoticeboards :: Noticeboards
[2019-11-20 13:42:16] [INFO] getNoticeboards :: Noticeboards
[2019-11-20 13:42:16] [INFO] getresults :: results
[2019-11-20 13:42:16] [INFO] getSyllabuss :: Syllabuss
[2019-11-20 13:42:16] [INFO] getExaminations :: Examinations
[2019-11-20 13:42:16] [INFO] getStates :: States
[2019-11-20 13:42:16] [INFO] getNoticeboards :: Noticeboards
[2019-11-20 13:42:16] [INFO] getNoticeboards :: Noticeboards
[2019-11-20 13:42:16] [INFO] getNoticeboards :: Noticeboards
[2019-11-20 13:42:16] [INFO] getNoticeboards :: Noticeboards
[2019-11-20 13:42:16] [INFO] getNoticeboards :: Noticeboards
[2019-11-20 13:42:16] [INFO] getresults :: results
[2019-11-20 13:42:16] [INFO] getSyllabuss :: Syllabuss
[2019-11-20 13:42:16] [INFO] getNoticeboards :: Noticeboards
[2019-11-20 13:42:16] [INFO] getNoticeboards :: Noticeboards
[2019-11-20 13:42:16] [INFO] getresults :: results
[2019-11-20 13:42:16] [INFO] getresults :: results
[2019-11-20 13:42:16] [INFO] getNoticeboards :: Noticeboards
[2019-11-20 13:42:16] [INFO] getNoticeboards :: Noticeboards
[2019-11-20 13:42:16] [INFO] getNoticeboards :: Noticeboards
[2019-11-20 13:42:16] [INFO] getresults :: results
[2019-11-20 13:42:16] [INFO] getSyllabuss :: Syllabuss
[2019-11-20 13:42:16] [INFO] getExaminations :: Examinations
[2019-11-20 13:42:16] [INFO] getStates :: States
[2019-11-20 13:42:16] [INFO] getNoticeboards :: Noticeboards
