[2019-11-28 9:54:13] [INFO] getStates :: States
[2019-11-28 9:54:13] [INFO] getSyllabuss :: Syllabuss
[2019-11-28 9:54:13] [INFO] getresults :: results
[2019-11-28 9:54:13] [INFO] getNoticeboards :: Noticeboards
[2019-11-28 9:54:13] [INFO] getUniversitys :: Universitys
[2019-11-28 9:54:13] [INFO] getStates :: States
[2019-11-28 9:54:13] [INFO] getUniversitys :: Universitys
[2019-11-28 9:54:13] [INFO] getExaminations :: Examinations
[2019-11-28 9:54:13] [INFO] getExaminations :: Examinations
[2019-11-28 9:54:13] [INFO] getExaminations :: Examinations
[2019-11-28 9:54:13] [INFO] getresults :: results
[2019-11-28 9:54:13] [INFO] getSyllabuss :: Syllabuss
[2019-11-28 9:54:13] [INFO] getExaminations :: Examinations
[2019-11-28 9:54:13] [INFO] getStates :: States
[2019-11-28 9:54:13] [INFO] getUniversitys :: Universitys
[2019-11-28 9:54:13] [INFO] getNoticeboards :: Noticeboards
[2019-11-28 9:54:13] [INFO] getNoticeboards :: Noticeboards
[2019-11-28 9:54:13] [INFO] getNoticeboards :: Noticeboards
[2019-11-28 9:54:13] [INFO] getNoticeboards :: Noticeboards
[2019-11-28 9:54:13] [INFO] getNoticeboards :: Noticeboards
[2019-11-28 9:54:13] [INFO] getNoticeboards :: Noticeboards
[2019-11-28 9:54:13] [INFO] getNoticeboards :: Noticeboards
[2019-11-28 9:54:13] [INFO] getNoticeboards :: Noticeboards
[2019-11-28 9:54:13] [INFO] getNoticeboards :: Noticeboards
[2019-11-28 9:54:13] [INFO] getNoticeboards :: Noticeboards
[2019-11-28 9:54:13] [INFO] getNoticeboards :: Noticeboards
[2019-11-28 9:54:13] [INFO] getNoticeboards :: Noticeboards
[2019-11-28 9:54:13] [INFO] getNoticeboards :: Noticeboards
[2019-11-28 9:54:13] [INFO] getNoticeboards :: Noticeboards
[2019-11-28 9:54:13] [INFO] getNoticeboards :: Noticeboards
[2019-11-28 9:54:13] [INFO] getNoticeboards :: Noticeboards
[2019-11-28 9:54:13] [INFO] getNoticeboards :: Noticeboards
[2019-11-28 9:54:13] [INFO] getNoticeboards :: Noticeboards
[2019-11-28 9:54:13] [INFO] getNoticeboards :: Noticeboards
[2019-11-28 9:54:13] [INFO] getNoticeboards :: Noticeboards
[2019-11-28 9:54:13] [INFO] getNoticeboards :: Noticeboards
[2019-11-28 9:54:13] [INFO] getNoticeboards :: Noticeboards
[2019-11-28 9:54:13] [INFO] getNoticeboards :: Noticeboards
[2019-11-28 9:54:13] [INFO] getNoticeboards :: Noticeboards
[2019-11-28 9:54:13] [INFO] getNoticeboards :: Noticeboards
[2019-11-28 10:46:55] [INFO] addUser :: user
[2019-11-28 10:46:55] [INFO] getNoticeboards :: Noticeboards
[2019-11-28 10:46:55] [INFO] getNoticeboards :: Noticeboards
[2019-11-28 10:46:55] [INFO] addUser :: user
[2019-11-28 10:46:55] [INFO] addUser :: user
[2019-11-28 10:46:55] [INFO] getresults :: results
[2019-11-28 10:46:55] [INFO] getSyllabuss :: Syllabuss
[2019-11-28 10:46:55] [INFO] getNoticeboards :: Noticeboards
[2019-11-28 10:46:55] [INFO] getNoticeboards :: Noticeboards
[2019-11-28 14:34:57] [INFO] getUsers :: user
[2019-11-28 14:34:57] [INFO] getUsers :: user
[2019-11-28 14:34:57] [INFO] getUsers :: user
[2019-11-28 14:34:57] [INFO] getNoticeboards :: Noticeboards
[2019-11-28 14:34:57] [INFO] getresults :: results
[2019-11-28 14:34:57] [INFO] getSyllabuss :: Syllabuss
[2019-11-28 14:34:57] [INFO] getExaminations :: Examinations
