[2019-11-12 9:37:31] [INFO] insertNotifications :: Notifications
[2019-11-12 9:37:31] [INFO] insertNotifications :: Notifications
[2019-11-12 9:37:31] [INFO] insertNotifications :: Notifications
[2019-11-12 9:37:31] [INFO] getNotifications :: Notifications
[2019-11-12 9:37:31] [INFO] getNotification :: Notifications
[2019-11-12 9:46:54] [INFO] getNotification :: Notifications
[2019-11-12 9:46:54] [INFO] getNotification :: Notifications
[2019-11-12 9:46:54] [INFO] getNotification :: Notifications
[2019-11-12 9:53:18] [INFO] getNotification :: Notifications
[2019-11-12 9:58:8] [INFO] insertNotifications :: Notifications
[2019-11-12 9:58:8] [INFO] updateNotifications :: Notifications
[2019-11-12 10:3:55] [INFO] updateNotifications :: Notifications
[2019-11-12 10:7:15] [INFO] updateNotifications :: Notifications
[2019-11-12 10:7:15] [INFO] getNotifications :: Notifications
[2019-11-12 10:8:15] [INFO] deleteNotifications :: Notifications
[2019-11-12 11:43:21] [INFO] getNotifications :: Notifications
[2019-11-12 11:43:21] [INFO] getNotification :: Notifications
[2019-11-12 20:39:20] [INFO] getNotification :: Notifications
[2019-11-12 20:39:20] [INFO] getNotification :: Notifications
[2019-11-12 20:39:20] [INFO] getNotification :: Notifications
[2019-11-12 20:39:20] [INFO] getNotification :: Notifications
[2019-11-12 20:39:20] [INFO] insertNotifications :: Notifications
[2019-11-12 20:39:20] [INFO] insertNotifications :: Notifications
[2019-11-12 20:39:20] [INFO] insertNotifications :: Notifications
[2019-11-12 20:39:20] [INFO] insertNotifications :: Notifications
[2019-11-12 20:39:20] [INFO] insertNotifications :: Notifications
[2019-11-12 20:39:20] [INFO] insertNotifications :: Notifications
[2019-11-12 20:39:20] [INFO] getNotification :: Notifications
[2019-11-12 20:39:20] [INFO] getNotification :: Notifications
[2019-11-12 20:46:17] [INFO] getNotification :: Notifications
[2019-11-12 20:46:17] [INFO] getNotification :: Notifications
[2019-11-12 20:46:17] [INFO] getNotification :: Notifications
[2019-11-12 20:46:17] [INFO] getNotification :: Notifications
[2019-11-12 20:46:17] [INFO] getNotification :: Notifications
[2019-11-12 20:46:17] [INFO] getNotification :: Notifications
[2019-11-12 20:46:17] [INFO] getNotification :: Notifications
[2019-11-12 20:46:17] [INFO] getNotification :: Notifications
[2019-11-12 20:46:17] [INFO] getNotification :: Notifications
[2019-11-12 20:46:17] [INFO] getNotification :: Notifications
[2019-11-12 20:47:51] [INFO] getNotification :: Notifications
[2019-11-12 20:47:51] [INFO] getNotification :: Notifications
[2019-11-12 20:47:51] [INFO] getNotification :: Notifications
[2019-11-12 20:47:51] [INFO] getNotification :: Notifications
[2019-11-12 20:47:51] [INFO] getNotification :: Notifications
[2019-11-12 20:47:51] [INFO] getNotification :: Notifications
[2019-11-12 20:47:51] [INFO] getNotification :: Notifications
[2019-11-12 20:47:51] [INFO] getNotification :: Notifications
[2019-11-12 20:47:51] [INFO] getNotification :: Notifications
[2019-11-12 20:47:51] [INFO] getNotification :: Notifications
[2019-11-12 20:47:51] [INFO] getNotification :: Notifications
[2019-11-12 20:49:5] [INFO] getNotification :: Notifications
[2019-11-12 20:49:5] [INFO] getNotification :: Notifications
[2019-11-12 20:49:40] [INFO] getNotification :: Notifications
[2019-11-12 20:49:40] [INFO] getNotification :: Notifications
[2019-11-12 20:49:40] [INFO] getNotification :: Notifications
[2019-11-12 20:50:22] [INFO] getNotification :: Notifications
[2019-11-12 20:51:15] [INFO] getNotification :: Notifications
[2019-11-12 20:51:15] [INFO] getNotification :: Notifications
[2019-11-12 20:51:15] [INFO] getNotification :: Notifications
[2019-11-12 20:51:15] [INFO] getNotification :: Notifications
[2019-11-12 20:51:15] [INFO] getNotification :: Notifications
[2019-11-12 20:51:15] [INFO] getNotification :: Notifications
[2019-11-12 20:51:15] [INFO] getNotification :: Notifications
[2019-11-12 20:51:15] [INFO] getNotification :: Notifications
[2019-11-12 20:51:15] [INFO] getNotification :: Notifications
[2019-11-12 20:51:15] [INFO] getNotification :: Notifications
[2019-11-12 20:51:15] [INFO] getNotification :: Notifications
[2019-11-12 20:51:15] [INFO] getNotification :: Notifications
[2019-11-12 20:51:15] [INFO] getNotification :: Notifications
[2019-11-12 20:51:15] [INFO] getNotification :: Notifications
[2019-11-12 20:51:15] [INFO] getNotification :: Notifications
[2019-11-12 20:51:15] [INFO] getNotification :: Notifications
[2019-11-12 20:51:15] [INFO] getNotification :: Notifications
[2019-11-12 20:51:15] [INFO] getNotification :: Notifications
[2019-11-12 20:52:18] [INFO] getNotifications :: Notifications
[2019-11-12 22:25:34] [INFO] getNotifications :: Notifications
[2019-11-12 22:55:4] [INFO] insertNoticeboards :: Noticeboards
[2019-11-12 22:55:4] [INFO] insertNoticeboards :: Noticeboards
[2019-11-12 22:55:4] [INFO] insertNoticeboards :: Noticeboards
[2019-11-12 22:55:4] [INFO] insertNoticeboards :: Noticeboards
[2019-11-12 22:55:4] [INFO] insertNoticeboards :: Noticeboards
[2019-11-12 22:55:4] [INFO] insertNoticeboards :: Noticeboards
[2019-11-12 22:55:4] [INFO] insertNoticeboards :: Noticeboards
[2019-11-12 22:55:4] [INFO] insertNoticeboards :: Noticeboards
[2019-11-12 22:55:4] [INFO] insertNoticeboards :: Noticeboards
[2019-11-12 22:55:4] [INFO] insertNoticeboards :: Noticeboards
[2019-11-12 22:55:4] [INFO] insertNoticeboards :: Noticeboards
[2019-11-12 22:55:4] [INFO] insertNoticeboards :: Noticeboards
[2019-11-12 22:55:4] [INFO] getNoticeboards :: Noticeboards
[2019-11-12 23:5:53] [INFO] insertNoticeboards :: Noticeboards
[2019-11-12 23:7:5] [INFO] insertNoticeboards :: Noticeboards
[2019-11-12 23:7:5] [INFO] insertNoticeboards :: Noticeboards
[2019-11-12 23:7:5] [INFO] insertNoticeboards :: Noticeboards
[2019-11-12 23:7:5] [INFO] insertNoticeboards :: Noticeboards
[2019-11-12 23:7:5] [INFO] insertNoticeboards :: Noticeboards
[2019-11-12 23:7:5] [INFO] insertNoticeboards :: Noticeboards
[2019-11-12 23:7:5] [INFO] insertNoticeboards :: Noticeboards
[2019-11-12 23:7:5] [INFO] insertNoticeboards :: Noticeboards
[2019-11-12 23:7:5] [INFO] insertNoticeboards :: Noticeboards
[2019-11-12 23:7:5] [INFO] getNoticeboards :: Noticeboards
[2019-11-12 23:7:5] [INFO] getNoticeboards :: Noticeboards
[2019-11-12 23:7:5] [INFO] getNoticeboards :: Noticeboards
[2019-11-12 23:7:5] [INFO] getNoticeboards :: Noticeboards
[2019-11-12 23:7:5] [INFO] getNoticeboards :: Noticeboards
[2019-11-12 23:7:5] [INFO] getNoticeboards :: Noticeboards
[2019-11-12 23:7:5] [INFO] getNoticeboards :: Noticeboards
[2019-11-12 23:7:5] [INFO] getNoticeboards :: Noticeboards
[2019-11-12 23:7:5] [INFO] getNoticeboards :: Noticeboards
[2019-11-12 23:7:5] [INFO] getNoticeboards :: Noticeboards
[2019-11-12 23:7:5] [INFO] getNoticeboards :: Noticeboards
[2019-11-12 23:7:5] [INFO] getNoticeboards :: Noticeboards
[2019-11-12 23:7:5] [INFO] getNoticeboards :: Noticeboards
[2019-11-12 23:7:5] [INFO] getNoticeboards :: Noticeboards
[2019-11-12 23:7:5] [INFO] getNoticeboards :: Noticeboards
[2019-11-12 23:7:5] [INFO] getNoticeboards :: Noticeboards
[2019-11-12 23:7:5] [INFO] getNoticeboards :: Noticeboards
[2019-11-12 23:7:5] [INFO] getNoticeboards :: Noticeboards
[2019-11-12 23:7:5] [INFO] getNoticeboards :: Noticeboards
[2019-11-12 23:7:5] [INFO] getNoticeboards :: Noticeboards
[2019-11-12 23:7:5] [INFO] getNoticeboards :: Noticeboards
[2019-11-12 23:7:5] [INFO] getNoticeboards :: Noticeboards
[2019-11-12 23:7:5] [INFO] getNoticeboards :: Noticeboards
[2019-11-12 23:7:5] [INFO] getNoticeboards :: Noticeboards
[2019-11-12 23:7:5] [INFO] getNoticeboards :: Noticeboards
[2019-11-12 23:7:5] [INFO] getNoticeboards :: Noticeboards
[2019-11-12 23:7:5] [INFO] getNoticeboards :: Noticeboards
[2019-11-12 23:7:5] [INFO] getNoticeboards :: Noticeboards
[2019-11-12 23:7:5] [INFO] getNoticeboards :: Noticeboards
[2019-11-12 23:7:5] [INFO] getNoticeboards :: Noticeboards
[2019-11-12 23:7:5] [INFO] getNoticeboards :: Noticeboards
[2019-11-12 23:7:5] [INFO] getNoticeboards :: Noticeboards
[2019-11-12 23:7:5] [INFO] getNoticeboards :: Noticeboards
[2019-11-12 23:7:5] [INFO] getNoticeboards :: Noticeboards
[2019-11-12 23:7:5] [INFO] getNoticeboards :: Noticeboards
[2019-11-12 23:7:5] [INFO] getNoticeboards :: Noticeboards
[2019-11-12 23:7:5] [INFO] getNoticeboards :: Noticeboards
[2019-11-12 23:7:5] [INFO] getNoticeboards :: Noticeboards
[2019-11-12 23:7:5] [INFO] getNoticeboards :: Noticeboards
[2019-11-12 23:7:5] [INFO] getNoticeboards :: Noticeboards
[2019-11-12 23:7:5] [INFO] getNoticeboards :: Noticeboards
[2019-11-12 23:7:5] [INFO] getNoticeboards :: Noticeboards
[2019-11-12 23:7:5] [INFO] getNoticeboards :: Noticeboards
[2019-11-12 23:7:5] [INFO] getNoticeboards :: Noticeboards
[2019-11-12 23:7:5] [INFO] getNoticeboards :: Noticeboards
[2019-11-12 23:7:5] [INFO] getNoticeboards :: Noticeboards
[2019-11-12 23:7:5] [INFO] getNoticeboards :: Noticeboards
[2019-11-12 23:7:5] [INFO] getNoticeboards :: Noticeboards
[2019-11-12 23:7:5] [INFO] getNoticeboards :: Noticeboards
[2019-11-12 23:7:5] [INFO] getNoticeboards :: Noticeboards
[2019-11-12 23:7:5] [INFO] getNoticeboards :: Noticeboards
[2019-11-12 23:7:5] [INFO] getNoticeboards :: Noticeboards
[2019-11-12 23:7:5] [INFO] getNoticeboards :: Noticeboards
[2019-11-12 23:7:5] [INFO] getNoticeboards :: Noticeboards
[2019-11-12 23:7:5] [INFO] getNoticeboards :: Noticeboards
[2019-11-12 23:7:5] [INFO] getNoticeboards :: Noticeboards
[2019-11-12 23:7:5] [INFO] getNoticeboards :: Noticeboards
[2019-11-12 23:7:5] [INFO] getNoticeboards :: Noticeboards
[2019-11-12 23:7:5] [INFO] getNoticeboards :: Noticeboards
[2019-11-12 23:7:5] [INFO] insertNoticeboards :: Noticeboards
[2019-11-12 23:7:5] [INFO] getNoticeboards :: Noticeboards
[2019-11-12 23:7:5] [INFO] getNoticeboards :: Noticeboards
[2019-11-12 23:7:5] [INFO] getNoticeboards :: Noticeboards
[2019-11-12 23:7:5] [INFO] getNoticeboards :: Noticeboards
[2019-11-12 23:7:5] [INFO] getNoticeboards :: Noticeboards
[2019-11-12 23:7:5] [INFO] getNoticeboards :: Noticeboards
[2019-11-12 23:7:5] [INFO] getNoticeboards :: Noticeboards
[2019-11-12 23:7:5] [INFO] getNoticeboards :: Noticeboards
[2019-11-12 23:7:5] [INFO] getNoticeboards :: Noticeboards
[2019-11-12 23:7:5] [INFO] getNoticeboards :: Noticeboards
[2019-11-12 23:7:5] [INFO] getNoticeboards :: Noticeboards
[2019-11-12 23:7:5] [INFO] getNoticeboards :: Noticeboards
[2019-11-12 23:7:5] [INFO] getNoticeboards :: Noticeboards
[2019-11-12 23:7:5] [INFO] getNoticeboards :: Noticeboards
[2019-11-12 23:7:5] [INFO] getNoticeboards :: Noticeboards
[2019-11-12 23:7:5] [INFO] getNoticeboards :: Noticeboards
[2019-11-12 23:7:5] [INFO] getNoticeboards :: Noticeboards
[2019-11-12 23:7:5] [INFO] getNoticeboards :: Noticeboards
[2019-11-12 23:7:5] [INFO] getNoticeboards :: Noticeboards
[2019-11-12 23:7:5] [INFO] getNoticeboards :: Noticeboards
[2019-11-12 23:7:5] [INFO] getNoticeboards :: Noticeboards
[2019-11-12 23:7:5] [INFO] getNoticeboards :: Noticeboards
[2019-11-12 23:7:5] [INFO] getNoticeboards :: Noticeboards
[2019-11-12 23:7:5] [INFO] getNoticeboards :: Noticeboards
[2019-11-12 23:7:5] [INFO] getNoticeboards :: Noticeboards
[2019-11-12 23:7:5] [INFO] getNoticeboards :: Noticeboards
[2019-11-12 23:7:5] [INFO] getNoticeboards :: Noticeboards
[2019-11-12 23:7:5] [INFO] getNoticeboards :: Noticeboards
[2019-11-12 23:7:5] [INFO] getNoticeboards :: Noticeboards
[2019-11-12 23:7:5] [INFO] getNoticeboards :: Noticeboards
[2019-11-12 23:7:5] [INFO] getNoticeboards :: Noticeboards
[2019-11-12 23:7:5] [INFO] getNoticeboards :: Noticeboards
[2019-11-12 23:7:5] [INFO] getNoticeboards :: Noticeboards
[2019-11-12 23:7:5] [INFO] getNoticeboards :: Noticeboards
[2019-11-12 23:7:5] [INFO] getNoticeboards :: Noticeboards
[2019-11-12 23:7:5] [INFO] getNoticeboards :: Noticeboards
[2019-11-12 23:7:5] [INFO] getNoticeboards :: Noticeboards
[2019-11-12 23:7:5] [INFO] getNoticeboards :: Noticeboards
[2019-11-12 23:7:5] [INFO] getNoticeboards :: Noticeboards
[2019-11-12 23:7:5] [INFO] getNoticeboards :: Noticeboards
[2019-11-12 23:7:5] [INFO] getNoticeboards :: Noticeboards
[2019-11-12 23:7:5] [INFO] getNoticeboards :: Noticeboards
[2019-11-12 23:7:5] [INFO] getNoticeboards :: Noticeboards
[2019-11-12 23:7:5] [INFO] getNoticeboards :: Noticeboards
[2019-11-12 23:7:5] [INFO] getNoticeboards :: Noticeboards
[2019-11-12 23:7:5] [INFO] getNoticeboards :: Noticeboards
[2019-11-12 23:7:5] [INFO] getNoticeboards :: Noticeboards
[2019-11-12 23:7:5] [INFO] getNoticeboards :: Noticeboards
[2019-11-12 23:7:5] [INFO] getNoticeboards :: Noticeboards
[2019-11-12 23:7:5] [INFO] getNoticeboards :: Noticeboards
[2019-11-12 23:7:5] [INFO] getNoticeboards :: Noticeboards
[2019-11-12 23:7:5] [INFO] getNoticeboards :: Noticeboards
[2019-11-12 23:7:5] [INFO] getNoticeboards :: Noticeboards
[2019-11-12 23:7:5] [INFO] getNoticeboards :: Noticeboards
[2019-11-12 23:7:5] [INFO] getNoticeboards :: Noticeboards
[2019-11-12 23:7:5] [INFO] getNoticeboards :: Noticeboards
[2019-11-12 23:7:5] [INFO] getNoticeboards :: Noticeboards
[2019-11-12 23:7:5] [INFO] getNoticeboards :: Noticeboards
[2019-11-12 23:7:5] [INFO] getNoticeboards :: Noticeboards
[2019-11-12 23:7:5] [INFO] getNoticeboards :: Noticeboards
[2019-11-12 23:7:5] [INFO] getNoticeboards :: Noticeboards
[2019-11-12 23:7:5] [INFO] getNoticeboards :: Noticeboards
[2019-11-12 23:7:5] [INFO] getNoticeboards :: Noticeboards
[2019-11-12 23:7:5] [INFO] getNoticeboards :: Noticeboards
[2019-11-12 23:7:5] [INFO] getNoticeboards :: Noticeboards
[2019-11-12 23:7:5] [INFO] getNoticeboards :: Noticeboards
[2019-11-12 23:7:5] [INFO] getNoticeboards :: Noticeboards
[2019-11-12 23:7:5] [INFO] getNoticeboards :: Noticeboards
[2019-11-12 23:7:5] [INFO] getNoticeboards :: Noticeboards
[2019-11-12 23:7:5] [INFO] getNoticeboards :: Noticeboards
[2019-11-12 23:7:5] [INFO] getNoticeboards :: Noticeboards
[2019-11-12 23:7:5] [INFO] getNoticeboards :: Noticeboards
[2019-11-12 23:7:5] [INFO] getNoticeboards :: Noticeboards
[2019-11-12 23:7:5] [INFO] getNoticeboards :: Noticeboards
[2019-11-12 23:7:5] [INFO] getNoticeboards :: Noticeboards
[2019-11-12 23:7:5] [INFO] getNoticeboards :: Noticeboards
[2019-11-12 23:7:5] [INFO] getNoticeboards :: Noticeboards
[2019-11-12 23:7:5] [INFO] getNoticeboards :: Noticeboards
[2019-11-12 23:7:5] [INFO] getNoticeboards :: Noticeboards
[2019-11-12 23:7:5] [INFO] getNoticeboards :: Noticeboards
[2019-11-12 23:7:5] [INFO] getNoticeboards :: Noticeboards
[2019-11-12 23:7:5] [INFO] getNoticeboards :: Noticeboards
[2019-11-12 23:7:5] [INFO] getNoticeboards :: Noticeboards
[2019-11-12 23:7:5] [INFO] getNoticeboards :: Noticeboards
[2019-11-12 23:7:5] [INFO] getNoticeboards :: Noticeboards
[2019-11-12 23:7:5] [INFO] getNoticeboards :: Noticeboards
[2019-11-12 23:7:5] [INFO] getNoticeboards :: Noticeboards
[2019-11-12 23:7:5] [INFO] getNoticeboards :: Noticeboards
[2019-11-12 23:7:5] [INFO] getNoticeboards :: Noticeboards
[2019-11-12 23:7:5] [INFO] getNoticeboards :: Noticeboards
[2019-11-12 23:7:5] [INFO] getNoticeboards :: Noticeboards
[2019-11-12 23:7:5] [INFO] getNoticeboards :: Noticeboards
[2019-11-12 23:7:5] [INFO] getNoticeboards :: Noticeboards
[2019-11-12 23:7:5] [INFO] getNoticeboards :: Noticeboards
[2019-11-12 23:7:5] [INFO] getNoticeboards :: Noticeboards
[2019-11-12 23:7:5] [INFO] getNoticeboards :: Noticeboards
[2019-11-12 23:7:5] [INFO] getNoticeboards :: Noticeboards
[2019-11-12 23:7:5] [INFO] getNoticeboards :: Noticeboards
[2019-11-12 23:7:5] [INFO] getNoticeboards :: Noticeboards
[2019-11-12 23:7:5] [INFO] getNoticeboards :: Noticeboards
[2019-11-12 23:7:5] [INFO] getNoticeboards :: Noticeboards
[2019-11-12 23:7:5] [INFO] getNoticeboards :: Noticeboards
[2019-11-12 23:7:5] [INFO] getNoticeboards :: Noticeboards
[2019-11-12 23:7:5] [INFO] getNoticeboards :: Noticeboards
[2019-11-12 23:7:5] [INFO] getNoticeboards :: Noticeboards
[2019-11-12 23:7:5] [INFO] getNoticeboards :: Noticeboards
[2019-11-12 23:7:5] [INFO] getNoticeboards :: Noticeboards
[2019-11-12 23:7:5] [INFO] getNoticeboards :: Noticeboards
[2019-11-12 23:7:5] [INFO] getNoticeboards :: Noticeboards
[2019-11-12 23:7:5] [INFO] getNoticeboards :: Noticeboards
[2019-11-12 23:7:5] [INFO] getNoticeboards :: Noticeboards
[2019-11-12 23:7:5] [INFO] getNoticeboards :: Noticeboards
[2019-11-12 23:7:5] [INFO] getNoticeboards :: Noticeboards
[2019-11-12 23:7:5] [INFO] getNoticeboards :: Noticeboards
[2019-11-12 23:7:5] [INFO] getNoticeboards :: Noticeboards
[2019-11-12 23:7:5] [INFO] getNoticeboards :: Noticeboards
[2019-11-12 23:7:5] [INFO] getNoticeboards :: Noticeboards
[2019-11-12 23:7:5] [INFO] getNoticeboards :: Noticeboards
[2019-11-12 23:7:5] [INFO] getNoticeboards :: Noticeboards
[2019-11-12 23:7:5] [INFO] getNoticeboards :: Noticeboards
[2019-11-12 23:7:5] [INFO] getNoticeboards :: Noticeboards
[2019-11-12 23:7:5] [INFO] getNoticeboards :: Noticeboards
[2019-11-12 23:7:5] [INFO] getNoticeboards :: Noticeboards
[2019-11-12 23:7:5] [INFO] getNoticeboards :: Noticeboards
[2019-11-12 23:7:5] [INFO] getNoticeboards :: Noticeboards
[2019-11-12 23:7:5] [INFO] getNoticeboards :: Noticeboards
[2019-11-12 23:7:5] [INFO] getNoticeboards :: Noticeboards
[2019-11-12 23:7:5] [INFO] getNoticeboards :: Noticeboards
[2019-11-12 23:7:5] [INFO] getNoticeboards :: Noticeboards
[2019-11-12 23:7:5] [INFO] getNoticeboards :: Noticeboards
[2019-11-12 23:7:5] [INFO] getNoticeboards :: Noticeboards
[2019-11-12 23:7:5] [INFO] getNoticeboards :: Noticeboards
[2019-11-12 23:7:5] [INFO] getNoticeboards :: Noticeboards
[2019-11-12 23:7:5] [INFO] getNoticeboards :: Noticeboards
[2019-11-12 23:7:5] [INFO] getNoticeboards :: Noticeboards
[2019-11-12 23:7:5] [INFO] getNoticeboards :: Noticeboards
[2019-11-12 23:7:5] [INFO] getNoticeboards :: Noticeboards
[2019-11-12 23:7:5] [INFO] getNoticeboards :: Noticeboards
[2019-11-12 23:7:5] [INFO] getNoticeboards :: Noticeboards
[2019-11-12 23:7:5] [INFO] getNoticeboards :: Noticeboards
[2019-11-12 23:7:5] [INFO] getNoticeboards :: Noticeboards
[2019-11-12 23:7:5] [INFO] getNoticeboards :: Noticeboards
[2019-11-12 23:7:5] [INFO] getNoticeboards :: Noticeboards
[2019-11-12 23:7:5] [INFO] getNoticeboards :: Noticeboards
[2019-11-12 23:7:5] [INFO] getNoticeboards :: Noticeboards
[2019-11-12 23:7:5] [INFO] getNoticeboards :: Noticeboards
[2019-11-12 23:7:5] [INFO] getNoticeboards :: Noticeboards
[2019-11-12 23:7:5] [INFO] getNoticeboards :: Noticeboards
[2019-11-12 23:7:5] [INFO] getNoticeboards :: Noticeboards
[2019-11-12 23:7:5] [INFO] getNoticeboards :: Noticeboards
[2019-11-12 23:7:5] [INFO] getNoticeboards :: Noticeboards
[2019-11-12 23:7:5] [INFO] getNoticeboards :: Noticeboards
[2019-11-12 23:7:5] [INFO] getNoticeboards :: Noticeboards
[2019-11-12 23:7:5] [INFO] getNoticeboards :: Noticeboards
[2019-11-12 23:7:5] [INFO] getNoticeboards :: Noticeboards
[2019-11-12 23:7:5] [INFO] getNoticeboards :: Noticeboards
[2019-11-12 23:7:5] [INFO] getNoticeboards :: Noticeboards
[2019-11-12 23:7:5] [INFO] getNoticeboards :: Noticeboards
[2019-11-12 23:7:5] [INFO] getNoticeboards :: Noticeboards
[2019-11-12 23:7:5] [INFO] getNoticeboards :: Noticeboards
[2019-11-12 23:7:5] [INFO] getNoticeboards :: Noticeboards
[2019-11-12 23:7:5] [INFO] getNoticeboards :: Noticeboards
[2019-11-12 23:7:5] [INFO] getNoticeboards :: Noticeboards
[2019-11-12 23:7:5] [INFO] getNoticeboards :: Noticeboards
[2019-11-12 23:7:5] [INFO] getNoticeboards :: Noticeboards
[2019-11-12 23:7:5] [INFO] getNoticeboards :: Noticeboards
[2019-11-12 23:7:5] [INFO] getNoticeboards :: Noticeboards
[2019-11-12 23:7:5] [INFO] getNoticeboards :: Noticeboards
[2019-11-12 23:7:5] [INFO] getNoticeboards :: Noticeboards
[2019-11-12 23:7:5] [INFO] getNoticeboards :: Noticeboards
[2019-11-12 23:7:5] [INFO] getNoticeboards :: Noticeboards
[2019-11-12 23:7:5] [INFO] getNoticeboards :: Noticeboards
[2019-11-12 23:7:5] [INFO] getNoticeboards :: Noticeboards
[2019-11-12 23:7:5] [INFO] getNoticeboards :: Noticeboards
[2019-11-12 23:7:5] [INFO] getNoticeboards :: Noticeboards
[2019-11-12 23:7:5] [INFO] getresults :: results
[2019-11-12 23:7:5] [INFO] getSyllabuss :: Syllabuss
[2019-11-12 23:7:5] [INFO] getNoticeboards :: Noticeboards
[2019-11-12 23:7:5] [INFO] getSyllabuss :: Syllabuss
[2019-11-12 23:7:5] [INFO] getNoticeboards :: Noticeboards
[2019-11-12 23:7:5] [INFO] getresults :: results
[2019-11-12 23:7:5] [INFO] getSyllabuss :: Syllabuss
