[2019-11-15 9:31:18] [INFO] getNoticeboards :: Noticeboards
[2019-11-15 9:31:18] [INFO] getNoticeboards :: Noticeboards
[2019-11-15 9:31:18] [INFO] getNoticeboards :: Noticeboards
[2019-11-15 9:31:18] [INFO] getNoticeboards :: Noticeboards
[2019-11-15 9:31:18] [INFO] getNoticeboards :: Noticeboards
[2019-11-15 9:31:18] [INFO] getNoticeboards :: Noticeboards
[2019-11-15 9:31:18] [INFO] getNoticeboards :: Noticeboards
[2019-11-15 9:31:18] [INFO] getNoticeboards :: Noticeboards
[2019-11-15 9:31:18] [INFO] getNoticeboards :: Noticeboards
[2019-11-15 9:31:18] [INFO] getNoticeboards :: Noticeboards
[2019-11-15 9:31:18] [INFO] getNoticeboards :: Noticeboards
[2019-11-15 9:31:18] [INFO] getNoticeboards :: Noticeboards
[2019-11-15 9:31:18] [INFO] getNoticeboards :: Noticeboards
[2019-11-15 9:31:18] [INFO] getNoticeboards :: Noticeboards
[2019-11-15 9:31:18] [INFO] getNoticeboards :: Noticeboards
[2019-11-15 9:31:18] [INFO] getNoticeboards :: Noticeboards
[2019-11-15 9:31:18] [INFO] getNoticeboards :: Noticeboards
[2019-11-15 9:31:18] [INFO] getNoticeboards :: Noticeboards
[2019-11-15 9:31:18] [INFO] getNoticeboards :: Noticeboards
[2019-11-15 9:31:18] [INFO] getNoticeboards :: Noticeboards
[2019-11-15 9:31:18] [INFO] getNoticeboards :: Noticeboards
[2019-11-15 9:31:18] [INFO] getNoticeboards :: Noticeboards
[2019-11-15 9:31:18] [INFO] getNoticeboards :: Noticeboards
[2019-11-15 9:31:18] [INFO] getresults :: results
[2019-11-15 9:31:18] [INFO] getresults :: results
[2019-11-15 9:31:18] [INFO] getSyllabuss :: Syllabuss
[2019-11-15 9:31:18] [INFO] getExaminations :: Examinations
[2019-11-15 9:31:18] [INFO] getStates :: States
[2019-11-15 9:31:18] [INFO] getSyllabuss :: Syllabuss
[2019-11-15 9:31:18] [INFO] getresults :: results
[2019-11-15 9:31:18] [INFO] getStates :: States
[2019-11-15 9:31:18] [INFO] getStates :: States
[2019-11-15 9:31:18] [INFO] getStates :: States
[2019-11-15 9:31:18] [INFO] getresults :: results
[2019-11-15 9:31:18] [INFO] getSyllabuss :: Syllabuss
[2019-11-15 9:31:18] [INFO] getExaminations :: Examinations
[2019-11-15 9:31:18] [INFO] getresults :: results
[2019-11-15 9:31:18] [INFO] getSyllabuss :: Syllabuss
[2019-11-15 9:31:18] [INFO] getExaminations :: Examinations
[2019-11-15 9:31:18] [INFO] getStates :: States
[2019-11-15 9:31:18] [INFO] getresults :: results
[2019-11-15 9:31:18] [INFO] getSyllabuss :: Syllabuss
[2019-11-15 9:31:18] [INFO] getExaminations :: Examinations
[2019-11-15 9:31:18] [INFO] getStates :: States
[2019-11-15 9:31:18] [INFO] getNoticeboards :: Noticeboards
[2019-11-15 11:3:13] [INFO] getNoticeboards :: Noticeboards
[2019-11-15 11:3:13] [INFO] getresults :: results
[2019-11-15 11:3:13] [INFO] getSyllabuss :: Syllabuss
[2019-11-15 11:3:13] [INFO] getStates :: States
[2019-11-15 11:3:13] [INFO] getUniversitys :: Universitys
[2019-11-15 11:3:13] [INFO] getExaminations :: Examinations
[2019-11-15 11:3:13] [INFO] getSyllabuss :: Syllabuss
[2019-11-15 11:3:13] [INFO] getresults :: results
[2019-11-15 11:3:13] [INFO] getNoticeboards :: Noticeboards
[2019-11-15 11:3:13] [INFO] getNoticeboards :: Noticeboards
[2019-11-15 11:3:13] [INFO] getNoticeboards :: Noticeboards
[2019-11-15 11:3:13] [INFO] getNoticeboards :: Noticeboards
[2019-11-15 11:3:13] [INFO] getNoticeboards :: Noticeboards
[2019-11-15 11:47:19] [INFO] getNoticeboards :: Noticeboards
[2019-11-15 11:47:19] [INFO] getNoticeboards :: Noticeboards
[2019-11-15 11:47:19] [INFO] getNoticeboards :: Noticeboards
[2019-11-15 11:47:19] [INFO] getNoticeboards :: Noticeboards
[2019-11-15 11:47:19] [INFO] getNoticeboards :: Noticeboards
[2019-11-15 11:47:19] [INFO] getNoticeboards :: Noticeboards
[2019-11-15 11:47:19] [INFO] getNoticeboards :: Noticeboards
[2019-11-15 11:47:19] [INFO] getNoticeboards :: Noticeboards
[2019-11-15 11:47:19] [INFO] getNoticeboards :: Noticeboards
[2019-11-15 11:47:19] [INFO] getNoticeboards :: Noticeboards
[2019-11-15 11:47:19] [INFO] getNoticeboards :: Noticeboards
[2019-11-15 11:47:19] [INFO] getresults :: results
[2019-11-15 11:47:19] [INFO] getSyllabuss :: Syllabuss
[2019-11-15 11:47:19] [INFO] getNoticeboards :: Noticeboards
[2019-11-15 11:47:19] [INFO] getSyllabuss :: Syllabuss
[2019-11-15 11:47:19] [INFO] getExaminations :: Examinations
[2019-11-15 11:47:19] [INFO] getStates :: States
[2019-11-15 11:47:19] [INFO] getUniversitys :: Universitys
[2019-11-15 11:47:19] [INFO] getUniversitys :: Universitys
[2019-11-15 11:47:19] [INFO] getUniversitys :: Universitys
[2019-11-15 11:47:19] [INFO] getUniversitys :: Universitys
[2019-11-15 11:47:19] [INFO] getNoticeboards :: Noticeboards
[2019-11-15 11:47:19] [INFO] getresults :: results
[2019-11-15 11:47:19] [INFO] getSyllabuss :: Syllabuss
[2019-11-15 11:47:19] [INFO] getNoticeboards :: Noticeboards
[2019-11-15 11:47:19] [INFO] getNoticeboards :: Noticeboards
[2019-11-15 11:47:19] [INFO] getStates :: States
[2019-11-15 11:47:19] [INFO] getExaminations :: Examinations
[2019-11-15 11:47:19] [INFO] getSyllabuss :: Syllabuss
[2019-11-15 11:47:19] [INFO] getresults :: results
[2019-11-15 11:47:19] [INFO] getNoticeboards :: Noticeboards
[2019-11-15 11:47:19] [INFO] getStates :: States
[2019-11-15 11:47:19] [INFO] getNoticeboards :: Noticeboards
[2019-11-15 11:47:19] [INFO] getresults :: results
[2019-11-15 11:47:19] [INFO] getNoticeboards :: Noticeboards
[2019-11-15 11:47:19] [INFO] getNoticeboards :: Noticeboards
[2019-11-15 11:47:19] [INFO] getresults :: results
[2019-11-15 11:47:19] [INFO] getNoticeboards :: Noticeboards
[2019-11-15 11:47:19] [INFO] getNoticeboards :: Noticeboards
[2019-11-15 11:47:19] [INFO] getNoticeboards :: Noticeboards
[2019-11-15 11:47:19] [INFO] getNoticeboards :: Noticeboards
[2019-11-15 11:47:19] [INFO] getNoticeboards :: Noticeboards
[2019-11-15 11:47:19] [INFO] getNoticeboards :: Noticeboards
[2019-11-15 11:47:19] [INFO] getNoticeboards :: Noticeboards
[2019-11-15 11:47:19] [INFO] getNoticeboards :: Noticeboards
[2019-11-15 11:47:19] [INFO] getresults :: results
[2019-11-15 11:47:19] [INFO] getNoticeboards :: Noticeboards
[2019-11-15 11:47:19] [INFO] getSyllabuss :: Syllabuss
[2019-11-15 11:47:19] [INFO] getNoticeboards :: Noticeboards
[2019-11-15 11:47:19] [INFO] getresults :: results
[2019-11-15 11:47:19] [INFO] getSyllabuss :: Syllabuss
[2019-11-15 11:47:19] [INFO] getStates :: States
[2019-11-15 11:47:19] [INFO] getNoticeboards :: Noticeboards
[2019-11-15 11:47:19] [INFO] getNoticeboards :: Noticeboards
[2019-11-15 11:47:19] [INFO] getNoticeboards :: Noticeboards
[2019-11-15 11:47:19] [INFO] getNoticeboards :: Noticeboards
[2019-11-15 11:47:19] [INFO] getNoticeboards :: Noticeboards
[2019-11-15 11:47:19] [INFO] getresults :: results
[2019-11-15 11:47:19] [INFO] getSyllabuss :: Syllabuss
[2019-11-15 11:47:19] [INFO] getExaminations :: Examinations
[2019-11-15 11:47:19] [INFO] getStates :: States
[2019-11-15 11:47:19] [INFO] getUniversitys :: Universitys
[2019-11-15 11:47:19] [INFO] getNoticeboards :: Noticeboards
[2019-11-15 11:47:19] [INFO] getNoticeboards :: Noticeboards
[2019-11-15 11:47:19] [INFO] getNoticeboards :: Noticeboards
[2019-11-15 11:47:19] [INFO] getNoticeboards :: Noticeboards
[2019-11-15 11:47:19] [INFO] getNoticeboards :: Noticeboards
[2019-11-15 11:47:19] [INFO] getNoticeboards :: Noticeboards
[2019-11-15 11:47:19] [INFO] getNoticeboards :: Noticeboards
[2019-11-15 11:47:19] [INFO] getNoticeboards :: Noticeboards
[2019-11-15 11:47:19] [INFO] getNoticeboards :: Noticeboards
[2019-11-15 11:47:19] [INFO] getNoticeboards :: Noticeboards
[2019-11-15 11:47:19] [INFO] getNoticeboards :: Noticeboards
[2019-11-15 11:47:19] [INFO] getNoticeboards :: Noticeboards
[2019-11-15 11:47:19] [INFO] getNoticeboards :: Noticeboards
[2019-11-15 11:47:19] [INFO] getNoticeboards :: Noticeboards
[2019-11-15 11:47:19] [INFO] getNoticeboards :: Noticeboards
[2019-11-15 11:47:19] [INFO] getNoticeboards :: Noticeboards
[2019-11-15 11:47:19] [INFO] getNoticeboards :: Noticeboards
[2019-11-15 11:47:19] [INFO] getNoticeboards :: Noticeboards
[2019-11-15 11:47:19] [INFO] getNoticeboards :: Noticeboards
[2019-11-15 11:47:19] [INFO] getNoticeboards :: Noticeboards
[2019-11-15 11:47:19] [INFO] getNoticeboards :: Noticeboards
[2019-11-15 11:47:19] [INFO] getNoticeboards :: Noticeboards
[2019-11-15 11:47:19] [INFO] getNoticeboards :: Noticeboards
[2019-11-15 11:47:19] [INFO] getNoticeboards :: Noticeboards
[2019-11-15 11:47:19] [INFO] getNoticeboards :: Noticeboards
[2019-11-15 11:47:19] [INFO] getNoticeboards :: Noticeboards
[2019-11-15 11:47:19] [INFO] getNoticeboards :: Noticeboards
[2019-11-15 11:47:19] [INFO] getNoticeboards :: Noticeboards
[2019-11-15 11:47:19] [INFO] getNoticeboards :: Noticeboards
[2019-11-15 11:47:19] [INFO] getNoticeboards :: Noticeboards
[2019-11-15 11:47:19] [INFO] getNoticeboards :: Noticeboards
[2019-11-15 11:47:19] [INFO] getNoticeboards :: Noticeboards
[2019-11-15 11:47:19] [INFO] getNoticeboards :: Noticeboards
[2019-11-15 11:47:19] [INFO] getNoticeboards :: Noticeboards
[2019-11-15 11:47:19] [INFO] getNoticeboards :: Noticeboards
[2019-11-15 11:47:19] [INFO] getNoticeboards :: Noticeboards
[2019-11-15 11:47:19] [INFO] getresults :: results
[2019-11-15 11:47:19] [INFO] getSyllabuss :: Syllabuss
[2019-11-15 11:47:19] [INFO] getExaminations :: Examinations
[2019-11-15 11:47:19] [INFO] getStates :: States
[2019-11-15 11:47:19] [INFO] getNoticeboards :: Noticeboards
[2019-11-15 11:47:19] [INFO] getNoticeboards :: Noticeboards
[2019-11-15 11:47:19] [INFO] getNoticeboards :: Noticeboards
[2019-11-15 11:47:19] [INFO] getNoticeboards :: Noticeboards
[2019-11-15 11:47:19] [INFO] getStates :: States
[2019-11-15 11:47:19] [INFO] getExaminations :: Examinations
