[2019-11-26 10:49:41] [INFO] updateNoticeboards :: Noticeboards
[2019-11-26 10:49:41] [INFO] updateNoticeboards :: Noticeboards
[2019-11-26 10:49:41] [INFO] getNoticeboards :: Noticeboards
[2019-11-26 10:51:54] [INFO] getNoticeboards :: Noticeboards
[2019-11-26 10:51:54] [INFO] getNoticeboards :: Noticeboards
[2019-11-26 10:51:54] [INFO] getNoticeboards :: Noticeboards
[2019-11-26 10:51:54] [INFO] getNoticeboards :: Noticeboards
[2019-11-26 10:51:54] [INFO] getNoticeboards :: Noticeboards
[2019-11-26 10:51:54] [INFO] getNoticeboards :: Noticeboards
[2019-11-26 10:51:54] [INFO] updateNoticeboards :: Noticeboards
[2019-11-26 10:51:54] [INFO] getNoticeboards :: Noticeboards
[2019-11-26 10:51:54] [INFO] getNoticeboards :: Noticeboards
[2019-11-26 10:51:54] [INFO] getNoticeboards :: Noticeboards
[2019-11-26 10:51:54] [INFO] getNoticeboards :: Noticeboards
[2019-11-26 10:51:54] [INFO] getNoticeboards :: Noticeboards
[2019-11-26 10:51:54] [INFO] getNoticeboards :: Noticeboards
[2019-11-26 10:51:54] [INFO] getNoticeboards :: Noticeboards
[2019-11-26 10:51:54] [INFO] getNoticeboards :: Noticeboards
[2019-11-26 10:51:54] [INFO] getNoticeboards :: Noticeboards
[2019-11-26 10:51:54] [INFO] getNoticeboards :: Noticeboards
[2019-11-26 10:51:54] [INFO] getNoticeboards :: Noticeboards
[2019-11-26 10:51:54] [INFO] getNoticeboards :: Noticeboards
[2019-11-26 10:51:54] [INFO] getNoticeboards :: Noticeboards
[2019-11-26 10:51:54] [INFO] getNoticeboards :: Noticeboards
[2019-11-26 10:51:54] [INFO] getNoticeboards :: Noticeboards
[2019-11-26 10:51:54] [INFO] addNoticeboards :: Noticeboards
[2019-11-26 10:51:54] [INFO] addNoticeboards :: Noticeboards
[2019-11-26 10:51:54] [INFO] getNoticeboards :: Noticeboards
[2019-11-26 10:51:54] [INFO] getNoticeboards :: Noticeboards
[2019-11-26 10:51:54] [INFO] getNoticeboards :: Noticeboards
[2019-11-26 10:51:54] [INFO] addNoticeboards :: Noticeboards
[2019-11-26 10:51:54] [INFO] getNoticeboards :: Noticeboards
[2019-11-26 10:51:54] [INFO] getNoticeboards :: Noticeboards
[2019-11-26 10:51:54] [INFO] getNoticeboards :: Noticeboards
[2019-11-26 10:51:54] [INFO] getNoticeboards :: Noticeboards
[2019-11-26 10:51:54] [INFO] getNoticeboards :: Noticeboards
[2019-11-26 10:51:54] [INFO] deleteNoticeboards :: Noticeboards
[2019-11-26 10:51:54] [INFO] getNoticeboards :: Noticeboards
[2019-11-26 10:51:54] [INFO] getNoticeboards :: Noticeboards
[2019-11-26 10:51:54] [INFO] getNoticeboards :: Noticeboards
[2019-11-26 10:51:54] [INFO] getNoticeboards :: Noticeboards
[2019-11-26 10:51:54] [INFO] getNoticeboards :: Noticeboards
[2019-11-26 10:51:54] [INFO] getNoticeboards :: Noticeboards
[2019-11-26 10:51:54] [INFO] getNoticeboards :: Noticeboards
[2019-11-26 10:51:54] [INFO] getNoticeboards :: Noticeboards
[2019-11-26 10:51:54] [INFO] getNoticeboards :: Noticeboards
[2019-11-26 10:51:54] [INFO] getNoticeboards :: Noticeboards
[2019-11-26 10:51:54] [INFO] getNoticeboards :: Noticeboards
[2019-11-26 10:51:54] [INFO] getNoticeboards :: Noticeboards
[2019-11-26 10:51:54] [INFO] getNoticeboards :: Noticeboards
[2019-11-26 10:51:54] [INFO] getNoticeboards :: Noticeboards
[2019-11-26 10:51:54] [INFO] getNoticeboards :: Noticeboards
[2019-11-26 10:51:54] [INFO] getNoticeboards :: Noticeboards
[2019-11-26 10:51:54] [INFO] getNoticeboards :: Noticeboards
[2019-11-26 10:51:54] [INFO] getNoticeboards :: Noticeboards
[2019-11-26 10:51:54] [INFO] getNoticeboards :: Noticeboards
[2019-11-26 10:51:54] [INFO] getNoticeboards :: Noticeboards
[2019-11-26 10:51:54] [INFO] getNoticeboards :: Noticeboards
[2019-11-26 10:51:54] [INFO] getNoticeboards :: Noticeboards
[2019-11-26 10:51:54] [INFO] getNoticeboards :: Noticeboards
[2019-11-26 10:51:54] [INFO] getNoticeboards :: Noticeboards
[2019-11-26 10:51:54] [INFO] getNoticeboards :: Noticeboards
[2019-11-26 10:51:54] [INFO] getNoticeboards :: Noticeboards
[2019-11-26 10:51:54] [INFO] getNoticeboards :: Noticeboards
[2019-11-26 10:51:54] [INFO] getNoticeboards :: Noticeboards
[2019-11-26 10:51:54] [INFO] getNoticeboards :: Noticeboards
[2019-11-26 10:51:54] [INFO] getNoticeboards :: Noticeboards
[2019-11-26 10:51:54] [INFO] getNoticeboards :: Noticeboards
[2019-11-26 10:51:54] [INFO] getNoticeboards :: Noticeboards
[2019-11-26 10:51:54] [INFO] getNoticeboards :: Noticeboards
[2019-11-26 10:51:54] [INFO] getNoticeboards :: Noticeboards
[2019-11-26 10:51:54] [INFO] getNoticeboards :: Noticeboards
[2019-11-26 10:51:54] [INFO] getNoticeboards :: Noticeboards
[2019-11-26 10:51:54] [INFO] getNoticeboards :: Noticeboards
[2019-11-26 10:51:54] [INFO] getNoticeboards :: Noticeboards
[2019-11-26 10:51:54] [INFO] getNoticeboards :: Noticeboards
[2019-11-26 10:51:54] [INFO] getNoticeboards :: Noticeboards
[2019-11-26 10:51:54] [INFO] getNoticeboards :: Noticeboards
[2019-11-26 10:51:54] [INFO] getNoticeboards :: Noticeboards
[2019-11-26 10:51:54] [INFO] getNoticeboards :: Noticeboards
[2019-11-26 10:51:54] [INFO] getNoticeboards :: Noticeboards
[2019-11-26 10:51:54] [INFO] getNoticeboards :: Noticeboards
[2019-11-26 10:51:54] [INFO] getNoticeboards :: Noticeboards
[2019-11-26 10:51:54] [INFO] getNoticeboards :: Noticeboards
[2019-11-26 10:51:54] [INFO] getNoticeboards :: Noticeboards
[2019-11-26 10:51:54] [INFO] getNoticeboards :: Noticeboards
[2019-11-26 10:51:54] [INFO] getNoticeboards :: Noticeboards
[2019-11-26 10:51:54] [INFO] getNoticeboards :: Noticeboards
[2019-11-26 10:51:54] [INFO] getNoticeboards :: Noticeboards
[2019-11-26 10:51:54] [INFO] getNoticeboards :: Noticeboards
[2019-11-26 10:51:54] [INFO] getNoticeboards :: Noticeboards
[2019-11-26 10:51:54] [INFO] getNoticeboards :: Noticeboards
[2019-11-26 10:51:54] [INFO] getNoticeboards :: Noticeboards
[2019-11-26 10:51:54] [INFO] getNoticeboards :: Noticeboards
[2019-11-26 10:51:54] [INFO] getNoticeboards :: Noticeboards
[2019-11-26 10:51:54] [INFO] getNoticeboards :: Noticeboards
[2019-11-26 10:51:54] [INFO] getNoticeboards :: Noticeboards
[2019-11-26 10:51:54] [INFO] getNoticeboards :: Noticeboards
[2019-11-26 10:51:54] [INFO] getNoticeboards :: Noticeboards
[2019-11-26 10:51:54] [INFO] getNoticeboards :: Noticeboards
[2019-11-26 10:51:54] [INFO] getNoticeboards :: Noticeboards
[2019-11-26 10:51:54] [INFO] getNoticeboards :: Noticeboards
[2019-11-26 10:51:54] [INFO] addNoticeboards :: Noticeboards
[2019-11-26 10:51:54] [INFO] addNoticeboards :: Noticeboards
[2019-11-26 10:51:54] [INFO] getNoticeboards :: Noticeboards
[2019-11-26 10:51:54] [INFO] getNoticeboards :: Noticeboards
[2019-11-26 10:51:54] [INFO] getNoticeboards :: Noticeboards
[2019-11-26 10:51:54] [INFO] getNoticeboards :: Noticeboards
[2019-11-26 10:51:54] [INFO] getNoticeboards :: Noticeboards
[2019-11-26 10:51:54] [INFO] getNoticeboards :: Noticeboards
[2019-11-26 10:51:54] [INFO] getNoticeboards :: Noticeboards
[2019-11-26 10:51:54] [INFO] getNoticeboards :: Noticeboards
[2019-11-26 10:51:54] [INFO] getNoticeboards :: Noticeboards
[2019-11-26 10:51:54] [INFO] getNoticeboards :: Noticeboards
[2019-11-26 10:51:54] [INFO] getNoticeboards :: Noticeboards
[2019-11-26 10:51:54] [INFO] getNoticeboards :: Noticeboards
[2019-11-26 10:51:54] [INFO] getNoticeboards :: Noticeboards
[2019-11-26 10:51:54] [INFO] getNoticeboards :: Noticeboards
[2019-11-26 10:51:54] [INFO] getNoticeboards :: Noticeboards
[2019-11-26 10:51:54] [INFO] getNoticeboards :: Noticeboards
[2019-11-26 10:51:54] [INFO] getNoticeboards :: Noticeboards
[2019-11-26 10:51:54] [INFO] addNoticeboards :: Noticeboards
[2019-11-26 10:51:54] [INFO] getNoticeboards :: Noticeboards
[2019-11-26 10:51:54] [INFO] getNoticeboards :: Noticeboards
[2019-11-26 10:51:54] [INFO] getNoticeboards :: Noticeboards
[2019-11-26 10:51:54] [INFO] getNoticeboards :: Noticeboards
[2019-11-26 10:51:54] [INFO] getNoticeboards :: Noticeboards
[2019-11-26 10:51:54] [INFO] getNoticeboards :: Noticeboards
[2019-11-26 10:51:54] [INFO] getNoticeboards :: Noticeboards
[2019-11-26 10:51:54] [INFO] getNoticeboards :: Noticeboards
[2019-11-26 10:51:54] [INFO] getNoticeboards :: Noticeboards
[2019-11-26 10:51:54] [INFO] getNoticeboards :: Noticeboards
[2019-11-26 10:51:54] [INFO] getNoticeboards :: Noticeboards
[2019-11-26 10:51:54] [INFO] getNoticeboards :: Noticeboards
[2019-11-26 10:51:54] [INFO] getNoticeboards :: Noticeboards
[2019-11-26 10:51:54] [INFO] getNoticeboards :: Noticeboards
[2019-11-26 10:51:54] [INFO] getNoticeboards :: Noticeboards
[2019-11-26 10:51:54] [INFO] getNoticeboards :: Noticeboards
[2019-11-26 10:51:54] [INFO] getNoticeboards :: Noticeboards
[2019-11-26 10:51:54] [INFO] getNoticeboards :: Noticeboards
[2019-11-26 10:51:54] [INFO] getNoticeboards :: Noticeboards
[2019-11-26 10:51:54] [INFO] getNoticeboards :: Noticeboards
[2019-11-26 10:51:54] [INFO] getNoticeboards :: Noticeboards
[2019-11-26 10:51:54] [INFO] getNoticeboards :: Noticeboards
[2019-11-26 10:51:54] [INFO] getNoticeboards :: Noticeboards
[2019-11-26 10:51:54] [INFO] getNoticeboards :: Noticeboards
[2019-11-26 10:51:54] [INFO] getNoticeboards :: Noticeboards
[2019-11-26 10:51:54] [INFO] getNoticeboards :: Noticeboards
[2019-11-26 10:51:54] [INFO] getNoticeboards :: Noticeboards
[2019-11-26 10:51:54] [INFO] getNoticeboards :: Noticeboards
[2019-11-26 10:51:54] [INFO] getNoticeboards :: Noticeboards
[2019-11-26 10:51:54] [INFO] getNoticeboards :: Noticeboards
[2019-11-26 10:51:54] [INFO] getNoticeboards :: Noticeboards
[2019-11-26 10:51:54] [INFO] getNoticeboards :: Noticeboards
[2019-11-26 10:51:54] [INFO] getNoticeboards :: Noticeboards
[2019-11-26 10:51:54] [INFO] getNoticeboards :: Noticeboards
[2019-11-26 10:51:54] [INFO] getNoticeboards :: Noticeboards
[2019-11-26 10:51:54] [INFO] getNoticeboards :: Noticeboards
[2019-11-26 10:51:54] [INFO] getNoticeboards :: Noticeboards
[2019-11-26 10:51:54] [INFO] getNoticeboards :: Noticeboards
[2019-11-26 10:51:54] [INFO] getNoticeboards :: Noticeboards
[2019-11-26 10:51:54] [INFO] getNoticeboards :: Noticeboards
[2019-11-26 10:51:54] [INFO] getNoticeboards :: Noticeboards
[2019-11-26 10:51:54] [INFO] getNoticeboards :: Noticeboards
[2019-11-26 10:51:54] [INFO] getNoticeboards :: Noticeboards
[2019-11-26 10:51:54] [INFO] getNoticeboards :: Noticeboards
[2019-11-26 10:51:54] [INFO] getNoticeboards :: Noticeboards
[2019-11-26 10:51:54] [INFO] getNoticeboards :: Noticeboards
[2019-11-26 10:51:54] [INFO] getNoticeboards :: Noticeboards
[2019-11-26 10:51:54] [INFO] getNoticeboards :: Noticeboards
[2019-11-26 10:51:54] [INFO] getNoticeboards :: Noticeboards
[2019-11-26 10:51:54] [INFO] getNoticeboards :: Noticeboards
[2019-11-26 10:51:54] [INFO] getNoticeboards :: Noticeboards
[2019-11-26 10:51:54] [INFO] getresults :: results
[2019-11-26 10:51:54] [INFO] getSyllabuss :: Syllabuss
[2019-11-26 10:51:54] [INFO] getUniversitys :: Universitys
[2019-11-26 10:51:54] [INFO] getNoticeboards :: Noticeboards
[2019-11-26 10:51:54] [INFO] getresults :: results
[2019-11-26 10:51:54] [INFO] getSyllabuss :: Syllabuss
[2019-11-26 10:51:54] [INFO] getExaminations :: Examinations
[2019-11-26 10:51:54] [INFO] getresults :: results
[2019-11-26 10:51:54] [INFO] getSyllabuss :: Syllabuss
[2019-11-26 10:51:54] [INFO] getSyllabuss :: Syllabuss
[2019-11-26 10:51:54] [INFO] getSyllabuss :: Syllabuss
[2019-11-26 10:51:54] [INFO] getSyllabuss :: Syllabuss
[2019-11-26 10:51:54] [INFO] getSyllabuss :: Syllabuss
[2019-11-26 10:51:54] [INFO] getSyllabuss :: Syllabuss
[2019-11-26 10:51:54] [INFO] getSyllabuss :: Syllabuss
[2019-11-26 10:51:54] [INFO] getSyllabuss :: Syllabuss
[2019-11-26 10:51:54] [INFO] getSyllabuss :: Syllabuss
[2019-11-26 10:51:54] [INFO] getSyllabuss :: Syllabuss
[2019-11-26 10:51:54] [INFO] getSyllabuss :: Syllabuss
[2019-11-26 10:51:54] [INFO] getSyllabuss :: Syllabuss
[2019-11-26 10:51:54] [INFO] getSyllabuss :: Syllabuss
[2019-11-26 10:51:54] [INFO] getSyllabuss :: Syllabuss
[2019-11-26 10:51:54] [INFO] getSyllabuss :: Syllabuss
[2019-11-26 10:51:54] [INFO] getSyllabuss :: Syllabuss
[2019-11-26 10:51:54] [INFO] getSyllabuss :: Syllabuss
[2019-11-26 10:51:54] [INFO] getSyllabuss :: Syllabuss
[2019-11-26 10:51:54] [INFO] getSyllabuss :: Syllabuss
[2019-11-26 10:51:54] [INFO] getresults :: results
[2019-11-26 10:51:54] [INFO] getSyllabuss :: Syllabuss
[2019-11-26 10:51:54] [INFO] getExaminations :: Examinations
[2019-11-26 10:51:54] [INFO] getExaminations :: Examinations
[2019-11-26 10:51:54] [INFO] getExaminations :: Examinations
[2019-11-26 10:51:54] [INFO] getExaminations :: Examinations
[2019-11-26 10:51:54] [INFO] getExaminations :: Examinations
[2019-11-26 10:51:54] [INFO] getExaminations :: Examinations
[2019-11-26 10:51:54] [INFO] getExaminations :: Examinations
[2019-11-26 10:51:54] [INFO] getExaminations :: Examinations
[2019-11-26 10:51:54] [INFO] getSyllabuss :: Syllabuss
[2019-11-26 10:51:54] [INFO] getSyllabuss :: Syllabuss
[2019-11-26 10:51:54] [INFO] getSyllabuss :: Syllabuss
[2019-11-26 10:51:54] [INFO] getNoticeboards :: Noticeboards
[2019-11-26 10:51:54] [INFO] getresults :: results
[2019-11-26 10:51:54] [INFO] getSyllabuss :: Syllabuss
[2019-11-26 10:51:54] [INFO] getSyllabuss :: Syllabuss
[2019-11-26 10:51:54] [INFO] getSyllabuss :: Syllabuss
[2019-11-26 10:51:54] [INFO] getSyllabuss :: Syllabuss
[2019-11-26 10:51:54] [INFO] getSyllabuss :: Syllabuss
[2019-11-26 10:51:54] [INFO] getSyllabuss :: Syllabuss
[2019-11-26 10:51:54] [INFO] getSyllabuss :: Syllabuss
[2019-11-26 10:51:54] [INFO] getSyllabuss :: Syllabuss
[2019-11-26 10:51:54] [INFO] getSyllabuss :: Syllabuss
[2019-11-26 10:51:54] [INFO] getSyllabuss :: Syllabuss
[2019-11-26 10:51:54] [INFO] getSyllabuss :: Syllabuss
[2019-11-26 10:51:54] [INFO] getSyllabuss :: Syllabuss
[2019-11-26 10:51:54] [INFO] getSyllabuss :: Syllabuss
[2019-11-26 10:51:54] [INFO] getSyllabuss :: Syllabuss
[2019-11-26 10:51:54] [INFO] getSyllabuss :: Syllabuss
[2019-11-26 10:51:54] [INFO] getSyllabuss :: Syllabuss
[2019-11-26 10:51:54] [INFO] getSyllabuss :: Syllabuss
[2019-11-26 10:51:54] [INFO] getSyllabuss :: Syllabuss
[2019-11-26 10:51:54] [INFO] getSyllabuss :: Syllabuss
[2019-11-26 10:51:54] [INFO] getExaminations :: Examinations
[2019-11-26 10:51:54] [INFO] getUniversitys :: Universitys
[2019-11-26 10:51:54] [INFO] getUniversitys :: Universitys
[2019-11-26 10:51:54] [INFO] getUniversitys :: Universitys
[2019-11-26 10:51:54] [INFO] getUniversitys :: Universitys
[2019-11-26 10:51:54] [INFO] getUniversitys :: Universitys
[2019-11-26 10:51:54] [INFO] getNoticeboards :: Noticeboards
[2019-11-26 10:51:54] [INFO] getUniversitys :: Universitys
[2019-11-26 10:51:54] [INFO] getNoticeboards :: Noticeboards
[2019-11-26 10:51:54] [INFO] getresults :: results
[2019-11-26 10:51:54] [INFO] getSyllabuss :: Syllabuss
[2019-11-26 10:51:54] [INFO] getExaminations :: Examinations
[2019-11-26 10:51:54] [INFO] getUniversitys :: Universitys
[2019-11-26 10:51:54] [INFO] getUniversitys :: Universitys
[2019-11-26 10:51:54] [INFO] getExaminations :: Examinations
[2019-11-26 10:51:54] [INFO] getSyllabuss :: Syllabuss
[2019-11-26 10:51:54] [INFO] getresults :: results
[2019-11-26 10:51:54] [INFO] getNoticeboards :: Noticeboards
[2019-11-26 10:51:54] [INFO] getresults :: results
[2019-11-26 10:51:54] [INFO] getSyllabuss :: Syllabuss
[2019-11-26 10:51:54] [INFO] getSyllabuss :: Syllabuss
[2019-11-26 10:51:54] [INFO] getSyllabuss :: Syllabuss
[2019-11-26 10:51:54] [INFO] getSyllabuss :: Syllabuss
[2019-11-26 10:51:54] [INFO] getSyllabuss :: Syllabuss
[2019-11-26 10:51:54] [INFO] getSyllabuss :: Syllabuss
[2019-11-26 10:51:54] [INFO] getSyllabuss :: Syllabuss
[2019-11-26 10:51:54] [INFO] getSyllabuss :: Syllabuss
[2019-11-26 10:51:54] [INFO] getSyllabuss :: Syllabuss
[2019-11-26 10:51:54] [INFO] getSyllabuss :: Syllabuss
[2019-11-26 10:51:54] [INFO] getSyllabuss :: Syllabuss
[2019-11-26 10:51:54] [INFO] getSyllabuss :: Syllabuss
[2019-11-26 10:51:54] [INFO] getSyllabuss :: Syllabuss
[2019-11-26 10:51:54] [INFO] getSyllabuss :: Syllabuss
[2019-11-26 10:51:54] [INFO] getSyllabuss :: Syllabuss
[2019-11-26 10:51:54] [INFO] getSyllabuss :: Syllabuss
[2019-11-26 10:51:54] [INFO] getSyllabuss :: Syllabuss
[2019-11-26 10:51:54] [INFO] getSyllabuss :: Syllabuss
[2019-11-26 10:51:54] [INFO] getSyllabuss :: Syllabuss
[2019-11-26 10:51:54] [INFO] getSyllabuss :: Syllabuss
[2019-11-26 10:51:54] [INFO] getSyllabuss :: Syllabuss
[2019-11-26 10:51:54] [INFO] getSyllabuss :: Syllabuss
[2019-11-26 10:51:54] [INFO] getSyllabuss :: Syllabuss
[2019-11-26 10:51:54] [INFO] getSyllabuss :: Syllabuss
[2019-11-26 10:51:54] [INFO] getSyllabuss :: Syllabuss
[2019-11-26 10:51:54] [INFO] getSyllabuss :: Syllabuss
[2019-11-26 10:51:54] [INFO] getSyllabuss :: Syllabuss
[2019-11-26 10:51:54] [INFO] getSyllabuss :: Syllabuss
[2019-11-26 10:51:54] [INFO] getSyllabuss :: Syllabuss
[2019-11-26 10:51:54] [INFO] getSyllabuss :: Syllabuss
[2019-11-26 10:51:54] [INFO] getSyllabuss :: Syllabuss
[2019-11-26 10:51:54] [INFO] getSyllabuss :: Syllabuss
[2019-11-26 10:51:54] [INFO] getSyllabuss :: Syllabuss
[2019-11-26 10:51:54] [INFO] getSyllabuss :: Syllabuss
[2019-11-26 10:51:54] [INFO] getSyllabuss :: Syllabuss
[2019-11-26 10:51:54] [INFO] getSyllabuss :: Syllabuss
[2019-11-26 10:51:54] [INFO] getSyllabuss :: Syllabuss
[2019-11-26 10:51:54] [INFO] getSyllabuss :: Syllabuss
[2019-11-26 10:51:54] [INFO] getSyllabuss :: Syllabuss
[2019-11-26 10:51:54] [INFO] getSyllabuss :: Syllabuss
[2019-11-26 10:51:54] [INFO] getSyllabuss :: Syllabuss
[2019-11-26 10:51:54] [INFO] getSyllabuss :: Syllabuss
[2019-11-26 10:51:54] [INFO] getSyllabuss :: Syllabuss
[2019-11-26 10:51:54] [INFO] getSyllabuss :: Syllabuss
[2019-11-26 10:51:54] [INFO] getSyllabuss :: Syllabuss
[2019-11-26 10:51:54] [INFO] getSyllabuss :: Syllabuss
[2019-11-26 10:51:54] [INFO] getSyllabuss :: Syllabuss
[2019-11-26 10:51:54] [INFO] getSyllabuss :: Syllabuss
[2019-11-26 10:51:54] [INFO] getSyllabuss :: Syllabuss
[2019-11-26 10:51:54] [INFO] getSyllabuss :: Syllabuss
[2019-11-26 10:51:54] [INFO] getSyllabuss :: Syllabuss
[2019-11-26 10:51:54] [INFO] getSyllabuss :: Syllabuss
[2019-11-26 10:51:54] [INFO] getSyllabuss :: Syllabuss
[2019-11-26 10:51:54] [INFO] getUniversitys :: Universitys
[2019-11-26 10:51:54] [INFO] getExaminations :: Examinations
[2019-11-26 10:51:54] [INFO] getSyllabuss :: Syllabuss
[2019-11-26 10:51:54] [INFO] getresults :: results
[2019-11-26 10:51:54] [INFO] getNoticeboards :: Noticeboards
[2019-11-26 10:51:54] [INFO] getresults :: results
[2019-11-26 10:51:54] [INFO] getresults :: results
[2019-11-26 10:51:54] [INFO] getresults :: results
[2019-11-26 10:51:54] [INFO] getresults :: results
[2019-11-26 10:51:54] [INFO] getresults :: results
[2019-11-26 10:51:54] [INFO] getresults :: results
[2019-11-26 10:51:54] [INFO] getSyllabuss :: Syllabuss
[2019-11-26 10:51:54] [INFO] getNoticeboards :: Noticeboards
[2019-11-26 10:51:54] [INFO] getresults :: results
[2019-11-26 10:51:54] [INFO] getresults :: results
[2019-11-26 10:51:54] [INFO] getresults :: results
[2019-11-26 10:51:54] [INFO] getresults :: results
[2019-11-26 10:51:54] [INFO] getresults :: results
[2019-11-26 10:51:54] [INFO] getresults :: results
[2019-11-26 10:51:54] [INFO] getresults :: results
[2019-11-26 10:51:54] [INFO] getSyllabuss :: Syllabuss
[2019-11-26 10:51:54] [INFO] getExaminations :: Examinations
[2019-11-26 10:51:54] [INFO] getUniversitys :: Universitys
[2019-11-26 10:51:54] [INFO] getExaminations :: Examinations
[2019-11-26 10:51:54] [INFO] getSyllabuss :: Syllabuss
[2019-11-26 10:51:54] [INFO] getresults :: results
[2019-11-26 10:51:54] [INFO] getNoticeboards :: Noticeboards
[2019-11-26 10:51:54] [INFO] getUniversitys :: Universitys
[2019-11-26 10:51:54] [INFO] getUniversitys :: Universitys
[2019-11-26 10:51:54] [INFO] getUniversitys :: Universitys
[2019-11-26 10:51:54] [INFO] getUniversitys :: Universitys
[2019-11-26 10:51:54] [INFO] getStates :: States
[2019-11-26 10:51:54] [INFO] getUniversitys :: Universitys
[2019-11-26 10:51:54] [INFO] getSyllabuss :: Syllabuss
[2019-11-26 10:51:54] [INFO] getresults :: results
[2019-11-26 10:51:54] [INFO] getNoticeboards :: Noticeboards
[2019-11-26 10:51:54] [INFO] getresults :: results
[2019-11-26 10:51:54] [INFO] getSyllabuss :: Syllabuss
[2019-11-26 10:51:54] [INFO] getExaminations :: Examinations
[2019-11-26 10:51:54] [INFO] getStates :: States
[2019-11-26 10:51:54] [INFO] getUniversitys :: Universitys
[2019-11-26 10:51:54] [INFO] getresults :: results
[2019-11-26 10:51:54] [INFO] getNoticeboards :: Noticeboards
[2019-11-26 10:51:54] [INFO] getresults :: results
[2019-11-26 10:51:54] [INFO] getresults :: results
[2019-11-26 10:51:54] [INFO] getresults :: results
[2019-11-26 10:51:54] [INFO] getresults :: results
[2019-11-26 10:51:54] [INFO] getresults :: results
[2019-11-26 10:51:54] [INFO] getresults :: results
[2019-11-26 10:51:54] [INFO] getresults :: results
[2019-11-26 10:51:54] [INFO] getresults :: results
[2019-11-26 10:51:54] [INFO] getresults :: results
[2019-11-26 10:51:54] [INFO] getresults :: results
[2019-11-26 10:51:54] [INFO] getresults :: results
[2019-11-26 10:51:54] [INFO] getresults :: results
[2019-11-26 10:51:54] [INFO] getresults :: results
[2019-11-26 10:51:54] [INFO] getresults :: results
[2019-11-26 10:51:54] [INFO] getresults :: results
[2019-11-26 10:51:54] [INFO] getresults :: results
[2019-11-26 10:51:54] [INFO] getresults :: results
[2019-11-26 10:51:54] [INFO] getSyllabuss :: Syllabuss
[2019-11-26 10:51:54] [INFO] getSyllabuss :: Syllabuss
[2019-11-26 10:51:54] [INFO] getSyllabuss :: Syllabuss
[2019-11-26 10:51:54] [INFO] getExaminations :: Examinations
[2019-11-26 10:51:54] [INFO] getExaminations :: Examinations
[2019-11-26 10:51:54] [INFO] getExaminations :: Examinations
[2019-11-26 10:51:54] [INFO] getExaminations :: Examinations
[2019-11-26 10:51:54] [INFO] getExaminations :: Examinations
[2019-11-26 10:51:54] [INFO] getExaminations :: Examinations
[2019-11-26 10:51:54] [INFO] getNoticeboards :: Noticeboards
[2019-11-26 10:51:54] [INFO] getExaminations :: Examinations
[2019-11-26 10:51:54] [INFO] getExaminations :: Examinations
[2019-11-26 10:51:54] [INFO] getExaminations :: Examinations
