[2019-11-13 11:22:7] [INFO] getExaminations :: Examinations
[2019-11-13 11:22:7] [INFO] getExaminations :: Examinations
[2019-11-13 11:22:7] [INFO] getExaminations :: Examinations
[2019-11-13 11:22:7] [INFO] getExaminations :: Examinations
[2019-11-13 11:22:7] [INFO] getNoticeboards :: Noticeboards
[2019-11-13 11:22:7] [INFO] getNoticeboards :: Noticeboards
[2019-11-13 11:22:7] [INFO] getExaminations :: Examinations
[2019-11-13 11:22:7] [INFO] getExaminations :: Examinations
[2019-11-13 11:22:7] [INFO] getExaminations :: Examinations
[2019-11-13 11:22:7] [INFO] getSyllabuss :: Syllabuss
[2019-11-13 11:22:7] [INFO] getSyllabuss :: Syllabuss
[2019-11-13 11:22:7] [INFO] getSyllabuss :: Syllabuss
[2019-11-13 11:22:7] [INFO] getExaminations :: Examinations
[2019-11-13 11:22:7] [INFO] getSyllabuss :: Syllabuss
[2019-11-13 11:22:7] [INFO] getresults :: results
[2019-11-13 11:22:7] [INFO] getExaminations :: Examinations
[2019-11-13 11:22:7] [INFO] getNoticeboards :: Noticeboards
[2019-11-13 11:22:7] [INFO] getExaminations :: Examinations
[2019-11-13 11:22:7] [INFO] getSyllabuss :: Syllabuss
[2019-11-13 11:22:7] [INFO] getresults :: results
[2019-11-13 11:22:7] [INFO] getNoticeboards :: Noticeboards
[2019-11-13 11:22:7] [INFO] getNoticeboards :: Noticeboards
[2019-11-13 11:22:7] [INFO] getNoticeboards :: Noticeboards
[2019-11-13 11:22:7] [INFO] getNoticeboards :: Noticeboards
[2019-11-13 11:22:7] [INFO] getNoticeboards :: Noticeboards
[2019-11-13 11:22:7] [INFO] getNoticeboards :: Noticeboards
[2019-11-13 11:22:7] [INFO] getNoticeboards :: Noticeboards
[2019-11-13 11:22:7] [INFO] getNoticeboards :: Noticeboards
[2019-11-13 11:22:7] [INFO] getNoticeboards :: Noticeboards
[2019-11-13 11:22:7] [INFO] getNoticeboards :: Noticeboards
[2019-11-13 11:22:7] [INFO] getNoticeboards :: Noticeboards
[2019-11-13 11:22:7] [INFO] getNoticeboards :: Noticeboards
[2019-11-13 11:22:7] [INFO] getNoticeboards :: Noticeboards
[2019-11-13 11:22:7] [INFO] getNoticeboards :: Noticeboards
[2019-11-13 11:22:7] [INFO] getNoticeboards :: Noticeboards
[2019-11-13 11:22:7] [INFO] getNoticeboards :: Noticeboards
[2019-11-13 11:22:7] [INFO] getNoticeboards :: Noticeboards
[2019-11-13 11:22:7] [INFO] getNoticeboards :: Noticeboards
[2019-11-13 11:22:7] [INFO] getNoticeboards :: Noticeboards
[2019-11-13 11:22:7] [INFO] getNoticeboards :: Noticeboards
[2019-11-13 11:22:7] [INFO] getExaminations :: Examinations
[2019-11-13 11:22:7] [INFO] getExaminations :: Examinations
[2019-11-13 11:22:7] [INFO] getSyllabuss :: Syllabuss
[2019-11-13 11:22:7] [INFO] getExaminations :: Examinations
[2019-11-13 11:22:7] [INFO] getNoticeboards :: Noticeboards
[2019-11-13 11:22:7] [INFO] getNoticeboards :: Noticeboards
[2019-11-13 11:22:7] [INFO] getNoticeboards :: Noticeboards
[2019-11-13 11:22:7] [INFO] getNoticeboards :: Noticeboards
[2019-11-13 11:22:7] [INFO] getNoticeboards :: Noticeboards
[2019-11-13 12:13:22] [INFO] getStates :: States
[2019-11-13 12:13:22] [INFO] getStates :: States
[2019-11-13 12:13:22] [INFO] getNoticeboards :: Noticeboards
[2019-11-13 12:13:22] [INFO] getNoticeboards :: Noticeboards
[2019-11-13 12:13:22] [INFO] getNoticeboards :: Noticeboards
[2019-11-13 12:13:22] [INFO] getNoticeboards :: Noticeboards
[2019-11-13 12:13:22] [INFO] getStates :: States
[2019-11-13 12:13:22] [INFO] getNoticeboards :: Noticeboards
[2019-11-13 12:13:22] [INFO] getNoticeboards :: Noticeboards
[2019-11-13 12:13:22] [INFO] getNoticeboards :: Noticeboards
[2019-11-13 12:13:22] [INFO] getNoticeboards :: Noticeboards
[2019-11-13 12:13:22] [INFO] getNoticeboards :: Noticeboards
[2019-11-13 12:13:22] [INFO] getNoticeboards :: Noticeboards
[2019-11-13 12:13:22] [INFO] getNoticeboards :: Noticeboards
[2019-11-13 12:13:22] [INFO] getNoticeboards :: Noticeboards
[2019-11-13 12:13:22] [INFO] getNoticeboards :: Noticeboards
[2019-11-13 12:13:22] [INFO] getStates :: States
[2019-11-13 12:13:22] [INFO] insertStates :: States
[2019-11-13 12:13:22] [INFO] getStates :: States
[2019-11-13 12:13:22] [INFO] getNoticeboards :: Noticeboards
[2019-11-13 12:13:22] [INFO] getNoticeboards :: Noticeboards
[2019-11-13 12:13:22] [INFO] getNoticeboards :: Noticeboards
[2019-11-13 12:13:22] [INFO] getNoticeboards :: Noticeboards
[2019-11-13 12:13:22] [INFO] getNoticeboards :: Noticeboards
[2019-11-13 12:13:22] [INFO] getNoticeboards :: Noticeboards
[2019-11-13 12:13:22] [INFO] getNoticeboards :: Noticeboards
[2019-11-13 12:13:22] [INFO] getNoticeboards :: Noticeboards
[2019-11-13 12:13:22] [INFO] getNoticeboards :: Noticeboards
[2019-11-13 12:13:22] [INFO] getStates :: States
[2019-11-13 12:13:22] [INFO] getNoticeboards :: Noticeboards
[2019-11-13 12:13:22] [INFO] getStates :: States
[2019-11-13 12:13:22] [INFO] getNoticeboards :: Noticeboards
[2019-11-13 12:13:22] [INFO] getNoticeboards :: Noticeboards
[2019-11-13 12:13:22] [INFO] getNoticeboards :: Noticeboards
[2019-11-13 12:13:22] [INFO] getNoticeboards :: Noticeboards
[2019-11-13 12:13:22] [INFO] getNoticeboards :: Noticeboards
[2019-11-13 12:13:22] [INFO] getNoticeboards :: Noticeboards
[2019-11-13 12:13:22] [INFO] getNoticeboards :: Noticeboards
[2019-11-13 12:13:22] [INFO] getNoticeboards :: Noticeboards
[2019-11-13 12:13:22] [INFO] getNoticeboards :: Noticeboards
[2019-11-13 12:13:22] [INFO] getNoticeboards :: Noticeboards
[2019-11-13 12:13:22] [INFO] getNoticeboards :: Noticeboards
[2019-11-13 12:13:22] [INFO] getNoticeboards :: Noticeboards
[2019-11-13 12:13:22] [INFO] getNoticeboards :: Noticeboards
[2019-11-13 12:13:22] [INFO] getNoticeboards :: Noticeboards
[2019-11-13 12:13:22] [INFO] getStates :: States
[2019-11-13 12:13:22] [INFO] getStates :: States
[2019-11-13 12:13:22] [INFO] getStates :: States
[2019-11-13 12:13:22] [INFO] getStates :: States
[2019-11-13 12:13:22] [INFO] getStates :: States
[2019-11-13 12:13:22] [INFO] getStates :: States
[2019-11-13 12:13:22] [INFO] getStates :: States
[2019-11-13 12:13:22] [INFO] getStates :: States
[2019-11-13 12:13:22] [INFO] getStates :: States
[2019-11-13 12:13:22] [INFO] getStates :: States
[2019-11-13 12:13:22] [INFO] getStates :: States
[2019-11-13 12:13:22] [INFO] getStates :: States
[2019-11-13 12:13:22] [INFO] getStates :: States
[2019-11-13 12:13:22] [INFO] getStates :: States
[2019-11-13 12:13:22] [INFO] getStates :: States
[2019-11-13 12:13:22] [INFO] getStates :: States
[2019-11-13 12:13:22] [INFO] getStates :: States
[2019-11-13 12:13:22] [INFO] getStates :: States
[2019-11-13 12:13:22] [INFO] getStates :: States
[2019-11-13 12:13:22] [INFO] getStates :: States
[2019-11-13 12:13:22] [INFO] getStates :: States
[2019-11-13 12:13:22] [INFO] getStates :: States
[2019-11-13 12:13:22] [INFO] getStates :: States
[2019-11-13 12:13:22] [INFO] getStates :: States
[2019-11-13 12:13:22] [INFO] getStates :: States
[2019-11-13 12:13:22] [INFO] getStates :: States
[2019-11-13 12:13:22] [INFO] getStates :: States
[2019-11-13 12:13:22] [INFO] getStates :: States
[2019-11-13 12:13:22] [INFO] getStates :: States
[2019-11-13 12:13:22] [INFO] getStates :: States
[2019-11-13 12:13:22] [INFO] getStates :: States
[2019-11-13 12:13:22] [INFO] getNoticeboards :: Noticeboards
[2019-11-13 12:13:22] [INFO] getNoticeboards :: Noticeboards
[2019-11-13 12:13:22] [INFO] getNoticeboards :: Noticeboards
[2019-11-13 12:13:22] [INFO] getNoticeboards :: Noticeboards
[2019-11-13 12:13:22] [INFO] getNoticeboards :: Noticeboards
[2019-11-13 12:13:22] [INFO] getNoticeboards :: Noticeboards
[2019-11-13 12:13:22] [INFO] getNoticeboards :: Noticeboards
[2019-11-13 12:13:22] [INFO] getNoticeboards :: Noticeboards
[2019-11-13 12:13:22] [INFO] getNoticeboards :: Noticeboards
[2019-11-13 12:13:22] [INFO] getNoticeboards :: Noticeboards
[2019-11-13 12:13:22] [INFO] getNoticeboards :: Noticeboards
[2019-11-13 12:41:55] [INFO] getNoticeboards :: Noticeboards
[2019-11-13 12:41:55] [INFO] getNoticeboards :: Noticeboards
[2019-11-13 12:41:55] [INFO] getNoticeboards :: Noticeboards
[2019-11-13 12:41:55] [INFO] getNoticeboards :: Noticeboards
[2019-11-13 12:41:55] [INFO] getNoticeboards :: Noticeboards
[2019-11-13 12:41:55] [INFO] getNoticeboards :: Noticeboards
[2019-11-13 12:41:55] [INFO] getNoticeboards :: Noticeboards
[2019-11-13 12:41:55] [INFO] getNoticeboards :: Noticeboards
[2019-11-13 12:41:55] [INFO] getStates :: States
[2019-11-13 12:41:55] [INFO] getNoticeboards :: Noticeboards
[2019-11-13 12:41:55] [INFO] getNoticeboards :: Noticeboards
[2019-11-13 12:41:55] [INFO] getNoticeboards :: Noticeboards
[2019-11-13 12:41:55] [INFO] getStates :: States
[2019-11-13 12:41:55] [INFO] getStates :: States
[2019-11-13 12:41:55] [INFO] getStates :: States
[2019-11-13 12:41:55] [INFO] getExaminations :: Examinations
[2019-11-13 12:41:55] [INFO] getStates :: States
[2019-11-13 12:41:55] [INFO] getExaminations :: Examinations
[2019-11-13 12:41:55] [INFO] getStates :: States
[2019-11-13 12:41:55] [INFO] getStates :: States
[2019-11-13 12:41:55] [INFO] getStates :: States
[2019-11-13 12:41:55] [INFO] getStates :: States
[2019-11-13 12:41:55] [INFO] insertUniversitys :: Universitys
[2019-11-13 12:41:55] [INFO] insertStates :: States
[2019-11-13 12:54:41] [INFO] getStates :: States
[2019-11-13 12:54:41] [INFO] getStates :: States
[2019-11-13 12:54:41] [INFO] getUniversitys :: Universitys
[2019-11-13 12:54:41] [INFO] getStates :: States
[2019-11-13 12:54:41] [INFO] getUniversitys :: Universitys
[2019-11-13 12:54:41] [INFO] getStates :: States
[2019-11-13 12:54:41] [INFO] getUniversitys :: Universitys
[2019-11-13 12:54:41] [INFO] getUniversitys :: Universitys
[2019-11-13 12:54:41] [INFO] getStates :: States
[2019-11-13 12:54:41] [INFO] getStates :: States
[2019-11-13 12:54:41] [INFO] getStates :: States
[2019-11-13 12:54:41] [INFO] getStates :: States
[2019-11-13 12:54:41] [INFO] getUniversitys :: Universitys
[2019-11-13 12:54:41] [INFO] getUniversitys :: Universitys
[2019-11-13 12:54:41] [INFO] getUniversitys :: Universitys
[2019-11-13 12:54:41] [INFO] getUniversitys :: Universitys
[2019-11-13 12:54:41] [INFO] getStates :: States
[2019-11-13 12:54:41] [INFO] getStates :: States
[2019-11-13 12:54:41] [INFO] getStates :: States
[2019-11-13 12:54:41] [INFO] getStates :: States
[2019-11-13 12:54:41] [INFO] getStates :: States
[2019-11-13 12:54:41] [INFO] getStates :: States
[2019-11-13 12:54:41] [INFO] getStates :: States
[2019-11-13 12:54:41] [INFO] getStates :: States
[2019-11-13 12:54:41] [INFO] getStates :: States
[2019-11-13 12:54:41] [INFO] getStates :: States
[2019-11-13 12:54:41] [INFO] getStates :: States
[2019-11-13 12:54:41] [INFO] getStates :: States
[2019-11-13 12:54:41] [INFO] getStates :: States
[2019-11-13 12:54:41] [INFO] getNoticeboards :: Noticeboards
[2019-11-13 12:54:41] [INFO] getNoticeboards :: Noticeboards
[2019-11-13 12:54:41] [INFO] getNoticeboards :: Noticeboards
[2019-11-13 12:54:41] [INFO] getStates :: States
[2019-11-13 12:54:41] [INFO] getUniversitys :: Universitys
[2019-11-13 12:54:41] [INFO] getUniversitys :: Universitys
[2019-11-13 12:54:41] [INFO] getUniversitys :: Universitys
[2019-11-13 12:54:41] [INFO] getUniversitys :: Universitys
[2019-11-13 12:54:41] [INFO] getUniversitys :: Universitys
[2019-11-13 12:54:41] [INFO] getStates :: States
[2019-11-13 12:54:41] [INFO] getStates :: States
[2019-11-13 12:54:41] [INFO] getStates :: States
[2019-11-13 12:54:41] [INFO] getStates :: States
[2019-11-13 12:54:41] [INFO] getUniversitys :: Universitys
[2019-11-13 12:54:41] [INFO] getUniversitys :: Universitys
[2019-11-13 12:54:41] [INFO] getNoticeboards :: Noticeboards
[2019-11-13 12:54:41] [INFO] getNoticeboards :: Noticeboards
[2019-11-13 12:54:41] [INFO] getNoticeboards :: Noticeboards
[2019-11-13 12:54:41] [INFO] getNoticeboards :: Noticeboards
[2019-11-13 12:54:41] [INFO] getNoticeboards :: Noticeboards
[2019-11-13 12:54:41] [INFO] getNoticeboards :: Noticeboards
[2019-11-13 12:54:41] [INFO] getStates :: States
[2019-11-13 12:54:41] [INFO] getUniversitys :: Universitys
[2019-11-13 12:54:41] [INFO] getUniversitys :: Universitys
[2019-11-13 12:54:41] [INFO] getStates :: States
[2019-11-13 12:54:41] [INFO] getStates :: States
[2019-11-13 12:54:41] [INFO] getStates :: States
[2019-11-13 12:54:41] [INFO] getStates :: States
[2019-11-13 12:54:41] [INFO] getStates :: States
[2019-11-13 12:54:41] [INFO] getStates :: States
[2019-11-13 12:54:41] [INFO] getStates :: States
[2019-11-13 12:54:41] [INFO] getUniversitys :: Universitys
[2019-11-13 12:54:41] [INFO] getStates :: States
[2019-11-13 12:54:41] [INFO] getUniversitys :: Universitys
[2019-11-13 12:54:41] [INFO] getUniversitys :: Universitys
[2019-11-13 12:54:41] [INFO] getUniversitys :: Universitys
[2019-11-13 12:54:41] [INFO] getUniversitys :: Universitys
[2019-11-13 12:54:41] [INFO] getNoticeboards :: Noticeboards
[2019-11-13 12:54:41] [INFO] getStates :: States
[2019-11-13 12:54:41] [INFO] getUniversitys :: Universitys
[2019-11-13 12:54:41] [INFO] getUniversitys :: Universitys
[2019-11-13 12:54:41] [INFO] getresults :: results
[2019-11-13 12:54:41] [INFO] getStates :: States
[2019-11-13 12:54:41] [INFO] getUniversitys :: Universitys
[2019-11-13 12:54:41] [INFO] getUniversitys :: Universitys
[2019-11-13 12:54:41] [INFO] getNoticeboards :: Noticeboards
[2019-11-13 12:54:41] [INFO] getresults :: results
[2019-11-13 12:54:41] [INFO] getSyllabuss :: Syllabuss
[2019-11-13 12:54:41] [INFO] getExaminations :: Examinations
[2019-11-13 12:54:41] [INFO] getresults :: results
[2019-11-13 12:54:41] [INFO] getSyllabuss :: Syllabuss
[2019-11-13 12:54:41] [INFO] getExaminations :: Examinations
[2019-11-13 12:54:41] [INFO] getresults :: results
[2019-11-13 12:54:41] [INFO] getSyllabuss :: Syllabuss
[2019-11-13 12:54:41] [INFO] getStates :: States
[2019-11-13 12:54:41] [INFO] getSyllabuss :: Syllabuss
[2019-11-13 12:54:41] [INFO] getStates :: States
[2019-11-13 12:54:41] [INFO] getSyllabuss :: Syllabuss
[2019-11-13 12:54:41] [INFO] getSyllabuss :: Syllabuss
[2019-11-13 12:54:41] [INFO] getSyllabuss :: Syllabuss
[2019-11-13 12:54:41] [INFO] getStates :: States
[2019-11-13 12:54:41] [INFO] getUniversitys :: Universitys
[2019-11-13 12:54:41] [INFO] getUniversitys :: Universitys
[2019-11-13 12:54:41] [INFO] getUniversitys :: Universitys
[2019-11-13 12:54:41] [INFO] getExaminations :: Examinations
[2019-11-13 12:54:41] [INFO] getStates :: States
[2019-11-13 12:54:41] [INFO] getStates :: States
[2019-11-13 12:54:41] [INFO] getStates :: States
[2019-11-13 12:54:41] [INFO] getStates :: States
[2019-11-13 12:54:41] [INFO] getStates :: States
[2019-11-13 12:54:41] [INFO] getStates :: States
[2019-11-13 12:54:41] [INFO] getStates :: States
[2019-11-13 12:54:41] [INFO] getStates :: States
[2019-11-13 12:54:41] [INFO] getStates :: States
[2019-11-13 12:54:41] [INFO] getStates :: States
[2019-11-13 12:54:41] [INFO] getStates :: States
[2019-11-13 12:54:41] [INFO] getStates :: States
[2019-11-13 12:54:41] [INFO] getStates :: States
[2019-11-13 12:54:41] [INFO] getStates :: States
[2019-11-13 12:54:41] [INFO] getStates :: States
[2019-11-13 12:54:41] [INFO] getStates :: States
[2019-11-13 12:54:41] [INFO] getStates :: States
[2019-11-13 12:54:41] [INFO] getStates :: States
[2019-11-13 12:54:41] [INFO] getStates :: States
[2019-11-13 12:54:41] [INFO] getStates :: States
[2019-11-13 12:54:41] [INFO] getStates :: States
[2019-11-13 12:54:41] [INFO] getStates :: States
[2019-11-13 12:54:41] [INFO] getStates :: States
[2019-11-13 12:54:41] [INFO] getStates :: States
[2019-11-13 12:54:41] [INFO] getStates :: States
[2019-11-13 12:54:41] [INFO] getStates :: States
[2019-11-13 12:54:41] [INFO] getExaminations :: Examinations
[2019-11-13 12:54:41] [INFO] getStates :: States
[2019-11-13 12:54:41] [INFO] getExaminations :: Examinations
[2019-11-13 12:54:41] [INFO] getSyllabuss :: Syllabuss
[2019-11-13 12:54:41] [INFO] getresults :: results
[2019-11-13 12:54:41] [INFO] getExaminations :: Examinations
[2019-11-13 12:54:41] [INFO] getNoticeboards :: Noticeboards
[2019-11-13 12:54:41] [INFO] getNoticeboards :: Noticeboards
[2019-11-13 12:54:41] [INFO] getExaminations :: Examinations
[2019-11-13 12:54:41] [INFO] getExaminations :: Examinations
[2019-11-13 12:54:41] [INFO] getExaminations :: Examinations
[2019-11-13 12:54:41] [INFO] getExaminations :: Examinations
[2019-11-13 12:54:41] [INFO] getExaminations :: Examinations
[2019-11-13 12:54:41] [INFO] getExaminations :: Examinations
[2019-11-13 12:54:41] [INFO] getExaminations :: Examinations
[2019-11-13 12:54:41] [INFO] getExaminations :: Examinations
[2019-11-13 12:54:41] [INFO] getExaminations :: Examinations
[2019-11-13 12:54:41] [INFO] getExaminations :: Examinations
[2019-11-13 12:54:41] [INFO] getExaminations :: Examinations
[2019-11-13 12:54:41] [INFO] getExaminations :: Examinations
[2019-11-13 12:54:41] [INFO] getExaminations :: Examinations
[2019-11-13 12:54:41] [INFO] getExaminations :: Examinations
[2019-11-13 12:54:41] [INFO] getExaminations :: Examinations
[2019-11-13 12:54:41] [INFO] getExaminations :: Examinations
[2019-11-13 12:54:41] [INFO] getExaminations :: Examinations
[2019-11-13 12:54:41] [INFO] getExaminations :: Examinations
[2019-11-13 12:54:41] [INFO] getExaminations :: Examinations
[2019-11-13 12:54:41] [INFO] getExaminations :: Examinations
[2019-11-13 14:0:16] [INFO] insertExaminations :: Examinations
[2019-11-13 14:0:16] [INFO] insertExaminations :: Examinations
[2019-11-13 14:0:16] [INFO] insertExaminations :: Examinations
[2019-11-13 14:0:16] [INFO] insertExaminations :: Examinations
[2019-11-13 14:0:16] [INFO] getExaminations :: Examinations
[2019-11-13 14:0:16] [INFO] getNoticeboards :: Noticeboards
[2019-11-13 14:0:16] [INFO] getNoticeboards :: Noticeboards
[2019-11-13 14:0:16] [INFO] getExaminations :: Examinations
[2019-11-13 14:0:16] [INFO] getStates :: States
[2019-11-13 14:0:16] [INFO] getExaminations :: Examinations
[2019-11-13 14:0:16] [INFO] getExaminations :: Examinations
[2019-11-13 14:0:16] [INFO] getExaminations :: Examinations
[2019-11-13 14:0:16] [INFO] getExaminations :: Examinations
[2019-11-13 14:0:16] [INFO] getExaminations :: Examinations
[2019-11-13 14:0:16] [INFO] getExaminations :: Examinations
[2019-11-13 14:0:16] [INFO] getExaminations :: Examinations
[2019-11-13 14:0:16] [INFO] getExaminations :: Examinations
[2019-11-13 14:0:16] [INFO] getExaminations :: Examinations
[2019-11-13 14:0:16] [INFO] getExaminations :: Examinations
[2019-11-13 14:0:16] [INFO] getExaminations :: Examinations
[2019-11-13 14:0:16] [INFO] getExaminations :: Examinations
[2019-11-13 14:0:16] [INFO] getExaminations :: Examinations
[2019-11-13 14:0:16] [INFO] getExaminations :: Examinations
[2019-11-13 14:0:16] [INFO] getExaminations :: Examinations
[2019-11-13 14:0:16] [INFO] getExaminations :: Examinations
[2019-11-13 14:0:16] [INFO] getExaminations :: Examinations
[2019-11-13 14:0:16] [INFO] getExaminations :: Examinations
[2019-11-13 14:0:16] [INFO] getExaminations :: Examinations
[2019-11-13 14:0:16] [INFO] getExaminations :: Examinations
[2019-11-13 14:0:16] [INFO] getExaminations :: Examinations
[2019-11-13 14:0:16] [INFO] getExaminations :: Examinations
[2019-11-13 14:0:16] [INFO] getExaminations :: Examinations
[2019-11-13 14:0:16] [INFO] getExaminations :: Examinations
[2019-11-13 14:0:16] [INFO] getExaminations :: Examinations
[2019-11-13 14:0:16] [INFO] getExaminations :: Examinations
[2019-11-13 14:0:16] [INFO] getExaminations :: Examinations
[2019-11-13 14:0:16] [INFO] getExaminations :: Examinations
[2019-11-13 14:0:16] [INFO] getExaminations :: Examinations
[2019-11-13 14:0:16] [INFO] getExaminations :: Examinations
[2019-11-13 14:0:16] [INFO] getExaminations :: Examinations
[2019-11-13 14:0:16] [INFO] getExaminations :: Examinations
[2019-11-13 14:0:16] [INFO] getExaminations :: Examinations
[2019-11-13 14:0:16] [INFO] getExaminations :: Examinations
[2019-11-13 14:0:16] [INFO] getStates :: States
[2019-11-13 14:0:16] [INFO] getExaminations :: Examinations
[2019-11-13 14:0:16] [INFO] getExaminations :: Examinations
[2019-11-13 14:0:16] [INFO] getExaminations :: Examinations
[2019-11-13 14:0:16] [INFO] getExaminations :: Examinations
[2019-11-13 14:0:16] [INFO] getExaminations :: Examinations
[2019-11-13 14:0:16] [INFO] getExaminations :: Examinations
[2019-11-13 14:0:16] [INFO] getExaminations :: Examinations
[2019-11-13 14:0:16] [INFO] getExaminations :: Examinations
[2019-11-13 14:0:16] [INFO] getExaminations :: Examinations
[2019-11-13 14:0:16] [INFO] getExaminations :: Examinations
[2019-11-13 14:0:16] [INFO] getExaminations :: Examinations
[2019-11-13 14:0:16] [INFO] getExaminations :: Examinations
[2019-11-13 14:0:16] [INFO] getExaminations :: Examinations
[2019-11-13 14:0:16] [INFO] getExaminations :: Examinations
[2019-11-13 14:0:16] [INFO] getExaminations :: Examinations
[2019-11-13 14:0:16] [INFO] getExaminations :: Examinations
[2019-11-13 14:0:16] [INFO] getExaminations :: Examinations
[2019-11-13 14:0:16] [INFO] getExaminations :: Examinations
[2019-11-13 14:0:16] [INFO] getExaminations :: Examinations
[2019-11-13 14:0:16] [INFO] getresults :: results
[2019-11-13 14:0:16] [INFO] getSyllabuss :: Syllabuss
[2019-11-13 14:0:16] [INFO] getExaminations :: Examinations
[2019-11-13 14:0:16] [INFO] getresults :: results
[2019-11-13 14:0:16] [INFO] getSyllabuss :: Syllabuss
[2019-11-13 14:0:16] [INFO] getExaminations :: Examinations
[2019-11-13 14:0:16] [INFO] getSyllabuss :: Syllabuss
[2019-11-13 14:0:16] [INFO] getExaminations :: Examinations
[2019-11-13 14:0:16] [INFO] getExaminations :: Examinations
[2019-11-13 14:0:16] [INFO] getExaminations :: Examinations
[2019-11-13 14:0:16] [INFO] getExaminations :: Examinations
[2019-11-13 14:0:16] [INFO] getExaminations :: Examinations
[2019-11-13 14:0:16] [INFO] getSyllabuss :: Syllabuss
[2019-11-13 14:0:16] [INFO] getStates :: States
[2019-11-13 14:0:16] [INFO] getUniversitys :: Universitys
[2019-11-13 14:0:16] [INFO] getExaminations :: Examinations
[2019-11-13 14:0:16] [INFO] getExaminations :: Examinations
[2019-11-13 14:0:16] [INFO] getExaminations :: Examinations
[2019-11-13 14:0:16] [INFO] getExaminations :: Examinations
[2019-11-13 14:0:16] [INFO] getExaminations :: Examinations
[2019-11-13 14:0:16] [INFO] getExaminations :: Examinations
[2019-11-13 14:0:16] [INFO] getExaminations :: Examinations
[2019-11-13 14:0:16] [INFO] getExaminations :: Examinations
[2019-11-13 14:0:16] [INFO] getSyllabuss :: Syllabuss
[2019-11-13 14:0:16] [INFO] getExaminations :: Examinations
[2019-11-13 14:0:16] [INFO] getSyllabuss :: Syllabuss
[2019-11-13 14:0:16] [INFO] getExaminations :: Examinations
[2019-11-13 14:0:16] [INFO] getSyllabuss :: Syllabuss
[2019-11-13 14:0:16] [INFO] getExaminations :: Examinations
[2019-11-13 14:0:16] [INFO] getExaminations :: Examinations
[2019-11-13 14:0:16] [INFO] getExaminations :: Examinations
[2019-11-13 14:0:16] [INFO] getExaminations :: Examinations
[2019-11-13 14:0:16] [INFO] getExaminations :: Examinations
[2019-11-13 14:0:16] [INFO] getExaminations :: Examinations
[2019-11-13 14:0:16] [INFO] getExaminations :: Examinations
[2019-11-13 14:0:16] [INFO] getExaminations :: Examinations
[2019-11-13 14:0:16] [INFO] getExaminations :: Examinations
[2019-11-13 14:0:16] [INFO] getExaminations :: Examinations
[2019-11-13 14:0:16] [INFO] getSyllabuss :: Syllabuss
[2019-11-13 14:0:16] [INFO] getresults :: results
[2019-11-13 14:0:16] [INFO] getresults :: results
[2019-11-13 14:0:16] [INFO] getresults :: results
[2019-11-13 14:0:16] [INFO] getExaminations :: Examinations
[2019-11-13 14:0:16] [INFO] getNoticeboards :: Noticeboards
[2019-11-13 14:0:16] [INFO] getNoticeboards :: Noticeboards
[2019-11-13 14:0:16] [INFO] getNoticeboards :: Noticeboards
[2019-11-13 14:0:16] [INFO] getSyllabuss :: Syllabuss
[2019-11-13 14:0:16] [INFO] getExaminations :: Examinations
[2019-11-13 14:0:16] [INFO] getresults :: results
[2019-11-13 14:0:16] [INFO] getresults :: results
[2019-11-13 14:0:16] [INFO] getresults :: results
[2019-11-13 14:0:16] [INFO] getresults :: results
[2019-11-13 14:0:16] [INFO] getresults :: results
[2019-11-13 14:0:16] [INFO] getresults :: results
[2019-11-13 14:0:16] [INFO] getresults :: results
[2019-11-13 14:0:16] [INFO] getSyllabuss :: Syllabuss
[2019-11-13 14:0:16] [INFO] getExaminations :: Examinations
[2019-11-13 14:0:16] [INFO] getExaminations :: Examinations
[2019-11-13 14:0:16] [INFO] getExaminations :: Examinations
[2019-11-13 14:0:16] [INFO] getExaminations :: Examinations
[2019-11-13 14:0:16] [INFO] getExaminations :: Examinations
[2019-11-13 14:0:16] [INFO] getExaminations :: Examinations
[2019-11-13 14:0:16] [INFO] getExaminations :: Examinations
[2019-11-13 14:0:16] [INFO] getExaminations :: Examinations
[2019-11-13 14:0:16] [INFO] getExaminations :: Examinations
[2019-11-13 14:0:16] [INFO] getExaminations :: Examinations
[2019-11-13 14:0:16] [INFO] getresults :: results
[2019-11-13 14:0:16] [INFO] getresults :: results
[2019-11-13 14:0:16] [INFO] getresults :: results
[2019-11-13 15:19:28] [INFO] getresults :: results
[2019-11-13 16:25:26] [INFO] getresults :: results
[2019-11-13 16:25:26] [INFO] getresults :: results
[2019-11-13 16:25:26] [INFO] getresults :: results
[2019-11-13 16:25:26] [INFO] getSyllabuss :: Syllabuss
[2019-11-13 16:25:26] [INFO] getExaminations :: Examinations
[2019-11-13 16:25:26] [INFO] getresults :: results
[2019-11-13 16:25:26] [INFO] getExaminations :: Examinations
[2019-11-13 16:25:26] [INFO] getStates :: States
[2019-11-13 16:25:26] [INFO] getStates :: States
[2019-11-13 16:25:26] [INFO] getExaminations :: Examinations
[2019-11-13 16:25:26] [INFO] getSyllabuss :: Syllabuss
[2019-11-13 16:25:26] [INFO] getresults :: results
[2019-11-13 16:25:26] [INFO] getSyllabuss :: Syllabuss
[2019-11-13 16:25:26] [INFO] getStates :: States
[2019-11-13 16:25:26] [INFO] getStates :: States
[2019-11-13 16:25:26] [INFO] getStates :: States
[2019-11-13 16:25:26] [INFO] getStates :: States
[2019-11-13 16:25:26] [INFO] getStates :: States
[2019-11-13 16:25:26] [INFO] getStates :: States
[2019-11-13 16:25:26] [INFO] getStates :: States
[2019-11-13 16:25:26] [INFO] getStates :: States
[2019-11-13 17:1:28] [INFO] getStates :: States
[2019-11-13 17:1:28] [INFO] getStates :: States
[2019-11-13 17:1:28] [INFO] getStates :: States
[2019-11-13 17:1:28] [INFO] getStates :: States
[2019-11-13 17:1:28] [INFO] getStates :: States
[2019-11-13 17:1:28] [INFO] getStates :: States
[2019-11-13 17:1:28] [INFO] getStates :: States
[2019-11-13 17:1:28] [INFO] getStates :: States
[2019-11-13 17:1:28] [INFO] getStates :: States
[2019-11-13 17:1:28] [INFO] getStates :: States
[2019-11-13 17:1:28] [INFO] getStates :: States
[2019-11-13 17:1:28] [INFO] getStates :: States
[2019-11-13 17:1:28] [INFO] getStates :: States
[2019-11-13 17:1:28] [INFO] getStates :: States
[2019-11-13 17:1:28] [INFO] getStates :: States
[2019-11-13 17:1:28] [INFO] getStates :: States
[2019-11-13 17:1:28] [INFO] getStates :: States
[2019-11-13 17:1:28] [INFO] getStates :: States
[2019-11-13 17:1:28] [INFO] getStates :: States
[2019-11-13 17:1:28] [INFO] getStates :: States
[2019-11-13 17:1:28] [INFO] getStates :: States
[2019-11-13 17:1:28] [INFO] getStates :: States
[2019-11-13 17:1:28] [INFO] getStates :: States
[2019-11-13 17:1:28] [INFO] getStates :: States
[2019-11-13 17:1:28] [INFO] getStates :: States
[2019-11-13 17:1:28] [INFO] getStates :: States
[2019-11-13 17:1:28] [INFO] getStates :: States
[2019-11-13 17:1:28] [INFO] getresults :: results
[2019-11-13 17:1:28] [INFO] getSyllabuss :: Syllabuss
[2019-11-13 17:1:28] [INFO] getSyllabuss :: Syllabuss
[2019-11-13 17:27:51] [INFO] getSyllabuss :: Syllabuss
[2019-11-13 17:29:2] [INFO] getSyllabuss :: Syllabuss
[2019-11-13 17:32:16] [INFO] insertSyllabuss :: Syllabuss
[2019-11-13 17:33:2] [INFO] getSyllabuss :: Syllabuss
[2019-11-13 17:33:2] [INFO] getSyllabuss :: Syllabuss
[2019-11-13 17:33:2] [INFO] getNoticeboards :: Noticeboards
[2019-11-13 17:33:2] [INFO] getSyllabuss :: Syllabuss
[2019-11-13 17:33:2] [INFO] getSyllabuss :: Syllabuss
[2019-11-13 17:33:2] [INFO] getSyllabuss :: Syllabuss
[2019-11-13 17:33:2] [INFO] getSyllabuss :: Syllabuss
[2019-11-13 17:33:2] [INFO] getSyllabuss :: Syllabuss
[2019-11-13 17:33:2] [INFO] getSyllabuss :: Syllabuss
[2019-11-13 17:33:2] [INFO] getSyllabuss :: Syllabuss
[2019-11-13 17:33:2] [INFO] getSyllabuss :: Syllabuss
[2019-11-13 17:33:2] [INFO] getSyllabuss :: Syllabuss
[2019-11-13 17:33:2] [INFO] getSyllabuss :: Syllabuss
[2019-11-13 17:33:2] [INFO] getSyllabuss :: Syllabuss
[2019-11-13 17:33:2] [INFO] getSyllabuss :: Syllabuss
[2019-11-13 17:33:2] [INFO] insertSyllabuss :: Syllabuss
[2019-11-13 17:33:2] [INFO] getSyllabuss :: Syllabuss
[2019-11-13 17:33:2] [INFO] getSyllabuss :: Syllabuss
[2019-11-13 17:33:2] [INFO] getSyllabuss :: Syllabuss
[2019-11-13 17:33:2] [INFO] getSyllabuss :: Syllabuss
[2019-11-13 17:33:2] [INFO] getSyllabuss :: Syllabuss
[2019-11-13 17:33:2] [INFO] getSyllabuss :: Syllabuss
[2019-11-13 17:33:2] [INFO] getSyllabuss :: Syllabuss
[2019-11-13 17:33:2] [INFO] getSyllabuss :: Syllabuss
[2019-11-13 17:33:2] [INFO] getSyllabuss :: Syllabuss
[2019-11-13 17:33:2] [INFO] getSyllabuss :: Syllabuss
[2019-11-13 17:33:2] [INFO] getSyllabuss :: Syllabuss
[2019-11-13 17:33:2] [INFO] getSyllabuss :: Syllabuss
[2019-11-13 17:33:2] [INFO] getSyllabuss :: Syllabuss
[2019-11-13 17:33:2] [INFO] getSyllabuss :: Syllabuss
[2019-11-13 17:33:2] [INFO] getSyllabuss :: Syllabuss
[2019-11-13 17:33:2] [INFO] getSyllabuss :: Syllabuss
[2019-11-13 17:33:2] [INFO] getSyllabuss :: Syllabuss
[2019-11-13 17:33:2] [INFO] getSyllabuss :: Syllabuss
[2019-11-13 17:33:2] [INFO] getSyllabuss :: Syllabuss
[2019-11-13 17:33:2] [INFO] getSyllabuss :: Syllabuss
[2019-11-13 17:33:2] [INFO] getSyllabuss :: Syllabuss
[2019-11-13 17:33:2] [INFO] getSyllabuss :: Syllabuss
[2019-11-13 17:33:2] [INFO] getSyllabuss :: Syllabuss
[2019-11-13 17:33:2] [INFO] getSyllabuss :: Syllabuss
[2019-11-13 17:33:2] [INFO] getSyllabuss :: Syllabuss
[2019-11-13 17:33:2] [INFO] getSyllabuss :: Syllabuss
[2019-11-13 17:33:2] [INFO] getSyllabuss :: Syllabuss
[2019-11-13 17:33:2] [INFO] getSyllabuss :: Syllabuss
[2019-11-13 17:33:2] [INFO] getSyllabuss :: Syllabuss
[2019-11-13 17:33:2] [INFO] getSyllabuss :: Syllabuss
[2019-11-13 17:33:2] [INFO] getSyllabuss :: Syllabuss
[2019-11-13 17:33:2] [INFO] getSyllabuss :: Syllabuss
[2019-11-13 17:33:2] [INFO] getSyllabuss :: Syllabuss
[2019-11-13 17:33:2] [INFO] getSyllabuss :: Syllabuss
[2019-11-13 17:33:2] [INFO] getSyllabuss :: Syllabuss
[2019-11-13 17:33:2] [INFO] getSyllabuss :: Syllabuss
[2019-11-13 17:33:2] [INFO] getSyllabuss :: Syllabuss
[2019-11-13 17:33:2] [INFO] getSyllabuss :: Syllabuss
[2019-11-13 17:33:2] [INFO] getSyllabuss :: Syllabuss
[2019-11-13 17:33:2] [INFO] getSyllabuss :: Syllabuss
[2019-11-13 17:33:2] [INFO] getSyllabuss :: Syllabuss
[2019-11-13 17:33:2] [INFO] getSyllabuss :: Syllabuss
[2019-11-13 17:33:2] [INFO] getSyllabuss :: Syllabuss
[2019-11-13 17:33:2] [INFO] getSyllabuss :: Syllabuss
[2019-11-13 17:33:2] [INFO] getSyllabuss :: Syllabuss
[2019-11-13 17:33:2] [INFO] getSyllabuss :: Syllabuss
[2019-11-13 17:33:2] [INFO] getSyllabuss :: Syllabuss
[2019-11-13 17:33:2] [INFO] getSyllabuss :: Syllabuss
[2019-11-13 17:33:2] [INFO] getSyllabuss :: Syllabuss
[2019-11-13 17:33:2] [INFO] getSyllabuss :: Syllabuss
[2019-11-13 17:33:2] [INFO] getSyllabuss :: Syllabuss
[2019-11-13 17:33:2] [INFO] getSyllabuss :: Syllabuss
[2019-11-13 17:33:2] [INFO] getSyllabuss :: Syllabuss
[2019-11-13 17:33:2] [INFO] getExaminations :: Examinations
[2019-11-13 17:33:2] [INFO] getresults :: results
[2019-11-13 17:33:2] [INFO] getresults :: results
[2019-11-13 17:33:2] [INFO] insertresults :: results
[2019-11-13 17:33:2] [INFO] insertresults :: results
[2019-11-13 17:33:2] [INFO] getresults :: results
[2019-11-13 17:33:2] [INFO] getresults :: results
[2019-11-13 17:33:2] [INFO] getSyllabuss :: Syllabuss
[2019-11-13 17:33:2] [INFO] getExaminations :: Examinations
[2019-11-13 17:33:2] [INFO] getExaminations :: Examinations
[2019-11-13 17:33:2] [INFO] getExaminations :: Examinations
[2019-11-13 17:33:2] [INFO] getExaminations :: Examinations
[2019-11-13 17:33:2] [INFO] getExaminations :: Examinations
[2019-11-13 17:33:2] [INFO] getExaminations :: Examinations
[2019-11-13 17:33:2] [INFO] getSyllabuss :: Syllabuss
[2019-11-13 17:33:2] [INFO] getSyllabuss :: Syllabuss
[2019-11-13 17:33:2] [INFO] getSyllabuss :: Syllabuss
[2019-11-13 17:33:2] [INFO] getSyllabuss :: Syllabuss
[2019-11-13 17:33:2] [INFO] getSyllabuss :: Syllabuss
[2019-11-13 17:33:2] [INFO] getresults :: results
[2019-11-13 17:33:2] [INFO] getresults :: results
[2019-11-13 17:33:2] [INFO] getExaminations :: Examinations
[2019-11-13 17:33:2] [INFO] getExaminations :: Examinations
[2019-11-13 17:33:2] [INFO] getExaminations :: Examinations
[2019-11-13 17:33:2] [INFO] getresults :: results
[2019-11-13 17:33:2] [INFO] getSyllabuss :: Syllabuss
[2019-11-13 17:33:2] [INFO] getSyllabuss :: Syllabuss
[2019-11-13 17:33:2] [INFO] getSyllabuss :: Syllabuss
[2019-11-13 17:33:2] [INFO] getSyllabuss :: Syllabuss
[2019-11-13 17:33:2] [INFO] getSyllabuss :: Syllabuss
[2019-11-13 17:33:2] [INFO] getSyllabuss :: Syllabuss
[2019-11-13 17:33:2] [INFO] getresults :: results
[2019-11-13 17:33:2] [INFO] getSyllabuss :: Syllabuss
[2019-11-13 17:33:2] [INFO] getresults :: results
[2019-11-13 17:33:2] [INFO] getresults :: results
[2019-11-13 17:33:2] [INFO] getresults :: results
[2019-11-13 17:33:2] [INFO] getresults :: results
[2019-11-13 17:33:2] [INFO] getresults :: results
[2019-11-13 17:33:2] [INFO] getresults :: results
[2019-11-13 17:33:2] [INFO] getresults :: results
[2019-11-13 17:33:2] [INFO] getSyllabuss :: Syllabuss
[2019-11-13 17:33:2] [INFO] getExaminations :: Examinations
[2019-11-13 17:33:2] [INFO] getStates :: States
[2019-11-13 17:33:2] [INFO] getExaminations :: Examinations
[2019-11-13 17:33:2] [INFO] getStates :: States
[2019-11-13 17:33:2] [INFO] getSyllabuss :: Syllabuss
[2019-11-13 17:33:2] [INFO] getNoticeboards :: Noticeboards
[2019-11-13 17:33:2] [INFO] getExaminations :: Examinations
[2019-11-13 17:33:2] [INFO] getSyllabuss :: Syllabuss
